Log file open, 07/05/18 18:32:52
LogWindows: Failed to load 'aqProf.dll' (GetLastError=126)
LogWindows: File 'aqProf.dll' does not exist
LogWindows: Failed to load 'VtuneApi.dll' (GetLastError=126)
LogWindows: File 'VtuneApi.dll' does not exist
LogWindows: Failed to load 'VtuneApi32e.dll' (GetLastError=126)
LogWindows: File 'VtuneApi32e.dll' does not exist
LogInit: Display: Running engine for game: Shooter
LogPlatformFile: Not using cached read wrapper
LogInit: Display: RandInit(1971224062) SRandInit(1971224062).
LogTaskGraph: Started task graph with 5 named threads and 14 total threads with 3 sets of task threads.
LogStats: Stats thread started at 2.922174
LogD3D11RHI: Aftermath initialized
LogPluginManager: Mounting plugin Paper2D
LogPluginManager: Mounting plugin LightPropagationVolume
LogPluginManager: Mounting plugin CodeLiteSourceCodeAccess
LogPluginManager: Mounting plugin GitSourceControl
LogPluginManager: Mounting plugin KDevelopSourceCodeAccess
LogPluginManager: Mounting plugin NullSourceCodeAccess
LogPluginManager: Mounting plugin PerforceSourceControl
LogPluginManager: Mounting plugin SubversionSourceControl
LogPluginManager: Mounting plugin UObjectPlugin
LogPluginManager: Mounting plugin VisualStudioSourceCodeAccess
LogPluginManager: Mounting plugin XCodeSourceCodeAccess
LogPluginManager: Mounting plugin AssetManagerEditor
LogPluginManager: Mounting plugin AudioCapture
LogPluginManager: Mounting plugin FacialAnimation
LogPluginManager: Mounting plugin GameplayTagsEditor
LogPluginManager: Mounting plugin MobileLauncherProfileWizard
LogPluginManager: Mounting plugin PluginBrowser
LogPluginManager: Mounting plugin SpeedTreeImporter
LogPluginManager: Mounting plugin AlembicImporter
LogPluginManager: Mounting plugin CharacterAI
LogPluginManager: Mounting plugin HTML5Networking
LogPluginManager: Mounting plugin DatasmithCADImporter
LogPluginManager: Mounting plugin DatasmithImporter
LogPluginManager: Mounting plugin AndroidMedia
LogPluginManager: Mounting plugin AvfMedia
LogPluginManager: Mounting plugin MediaPlayerEditor
LogPluginManager: Mounting plugin WmfMedia
LogPluginManager: Mounting plugin TcpMessaging
LogPluginManager: Mounting plugin UdpMessaging
LogPluginManager: Mounting plugin LevelSequenceEditor
LogPluginManager: Mounting plugin MatineeToLevelSequence
LogPluginManager: Mounting plugin OnlineSubsystemGooglePlay
LogPluginManager: Mounting plugin OnlineSubsystemIOS
LogPluginManager: Mounting plugin OnlineSubsystem
LogPluginManager: Mounting plugin OnlineSubsystemNull
LogPluginManager: Mounting plugin OnlineSubsystemUtils
LogPluginManager: Mounting plugin AndroidDeviceProfileSelector
LogPluginManager: Mounting plugin AndroidMoviePlayer
LogPluginManager: Mounting plugin AndroidPermission
LogPluginManager: Mounting plugin AppleMoviePlayer
LogPluginManager: Mounting plugin ArchVisCharacter
LogPluginManager: Mounting plugin CableComponent
LogPluginManager: Mounting plugin CustomMeshComponent
LogPluginManager: Mounting plugin ExampleDeviceProfileSelector
LogPluginManager: Mounting plugin GoogleCloudMessaging
LogPluginManager: Mounting plugin HoudiniEngine
LogPluginManager: Mounting plugin ImmediatePhysics
LogPluginManager: Mounting plugin IOSDeviceProfileSelector
LogPluginManager: Mounting plugin LinuxDeviceProfileSelector
LogPluginManager: Mounting plugin LocationServicesBPLibrary
LogPluginManager: Mounting plugin MobilePatchingUtils
LogPluginManager: Mounting plugin OculusVR
LogPluginManager: Mounting plugin PhysXVehicles
LogPluginManager: Mounting plugin ProceduralMeshComponent
LogPluginManager: Mounting plugin RuntimePhysXCooking
LogPluginManager: Mounting plugin SteamVR
LogPluginManager: Mounting plugin WindowsMoviePlayer
LogInit: Using libcurl 7.47.1
LogInit:  - built for x86_64-pc-win32
LogInit:  - supports SSL with OpenSSL/1.0.2g
LogInit:  - supports HTTP deflate (compression) using libz 1.2.8
LogInit:  - other features:
LogInit:      CURL_VERSION_SSL
LogInit:      CURL_VERSION_LIBZ
LogInit:      CURL_VERSION_IPV6
LogInit:      CURL_VERSION_ASYNCHDNS
LogInit:      CURL_VERSION_LARGEFILE
LogInit:      CURL_VERSION_IDN
LogInit:  CurlRequestOptions (configurable via config and command line):
LogInit:  - bVerifyPeer = false  - Libcurl will NOT verify peer certificate
LogInit:  - bUseHttpProxy = false  - Libcurl will NOT use HTTP proxy
LogInit:  - bDontReuseConnections = false  - Libcurl will reuse connections
LogInit:  - CertBundlePath = nullptr  - Libcurl will use whatever was configured at build time.
LogInit: Build: ++UE4+Release-4.17-CL-3658906
LogInit: Engine Version: 4.17.2-3658906+++UE4+Release-4.17
LogInit: Compatible Engine Version: 4.17.0-3573198+++UE4+Release-4.17
LogInit: Net CL: 3573198
LogDevObjectVersion: Number of dev versions registered: 16
LogDevObjectVersion:   Dev-Blueprints (B0D832E4-1F89-4F0D-ACCF-7EB736FD4AA2): 10
LogDevObjectVersion:   Dev-Build (E1C64328-A22C-4D53-A36C-8E866417BD8C): 0
LogDevObjectVersion:   Dev-Core (375EC13C-06E4-48FB-B500-84F0262A717E): 2
LogDevObjectVersion:   Dev-Editor (E4B068ED-F494-42E9-A231-DA0B2E46BB41): 20
LogDevObjectVersion:   Dev-Framework (CFFC743F-43B0-4480-9391-14DF171D2073): 28
LogDevObjectVersion:   Dev-Mobile (B02B49B5-BB20-44E9-A304-32B752E40360): 0
LogDevObjectVersion:   Dev-Networking (A4E4105C-59A1-49B5-A7C5-40C4547EDFEE): 0
LogDevObjectVersion:   Dev-Online (39C831C9-5AE6-47DC-9A44-9C173E1C8E7C): 0
LogDevObjectVersion:   Dev-Physics (78F01B33-EBEA-4F98-B9B4-84EACCB95AA2): 0
LogDevObjectVersion:   Dev-Platform (6631380F-2D4D-43E0-8009-CF276956A95A): 0
LogDevObjectVersion:   Dev-Rendering (12F88B9F-8875-4AFC-A67C-D90C383ABD29): 19
LogDevObjectVersion:   Dev-Sequencer (7B5AE74C-D270-4C10-A958-57980B212A5A): 4
LogDevObjectVersion:   Dev-VR (D7296918-1DD6-4BDD-9DE2-64A83CC13884): 0
LogDevObjectVersion:   Dev-LoadTimes (C2A15278-BFE7-4AFE-6C17-90FF531DF755): 1
LogDevObjectVersion:   Private-Geometry (6EACA3D4-40EC-4CC1-B786-8BED09428FC5): 1
LogDevObjectVersion:   Dev-AnimPhys (29E575DD-E0A3-4627-9D10-D276232CDCEA): 7
LogInit: Compiled (64-bit): Sep 22 2017 13:47:16
LogInit: Compiled with Visual C++: 19.00.24215.01
LogInit: Build Configuration: Development
LogInit: Branch Name: ++UE4+Release-4.17
LogInit: Command line:  
LogInit: Base directory: E:/Unreal/VersionMoteur/UE_4.17/Engine/Binaries/Win64/
LogInit: Installed Engine Build: 1
LogInit: Presizing for max 8388607 objects, including 0 objects not considered by GC, pre-allocating 0 bytes for permanent pool.
LogInit: Object subsystem initialized
[2018.07.05-16.32.54:559][  0]LogInit: Selected Device Profile: [Windows]
[2018.07.05-16.32.54:559][  0]LogInit: Applying CVar settings loaded from the selected device profile: [Windows]
[2018.07.05-16.32.54:655][  0]LogInit: Computer: MANZAVISION05
[2018.07.05-16.32.54:655][  0]LogInit: User: user
[2018.07.05-16.32.54:655][  0]LogInit: CPU Page size=4096, Cores=4
[2018.07.05-16.32.54:655][  0]LogInit: High frequency timer resolution =3.328124 MHz
[2018.07.05-16.32.54:655][  0]LogMemory: Memory total: Physical=12.0GB (12GB approx)
[2018.07.05-16.32.54:656][  0]LogMemory: Platform Memory Stats for Windows
[2018.07.05-16.32.54:656][  0]LogMemory: Process Physical Memory: 281.45 MB used, 281.45 MB peak
[2018.07.05-16.32.54:656][  0]LogMemory: Process Virtual Memory: 282.38 MB used, 282.38 MB peak
[2018.07.05-16.32.54:656][  0]LogMemory: Physical Memory: 7241.49 MB used,  4997.90 MB free, 12239.39 MB total
[2018.07.05-16.32.54:656][  0]LogMemory: Virtual Memory: 4807.69 MB used,  4997.90 MB free, 134217728.00 MB total
[2018.07.05-16.32.55:992][  0]LogInit: Using OS detected language (fr-FR).
[2018.07.05-16.32.55:992][  0]LogInit: Using OS detected locale (fr-FR).
[2018.07.05-16.32.56:203][  0]LogTextLocalizationManager: No localization for 'fr-FR' exists, so 'en' will be used for the language.
[2018.07.05-16.32.56:204][  0]LogTextLocalizationManager: No localization for 'fr-FR' exists, so 'en' will be used for the locale.
[2018.07.05-16.33.02:477][  0]LogD3D11RHI: D3D11 adapters:
[2018.07.05-16.33.02:537][  0]LogD3D11RHI:    0. 'NVIDIA GeForce GTX 970' (Feature Level 11_0)
[2018.07.05-16.33.02:537][  0]LogD3D11RHI:       4058/0/6119 MB DedicatedVideo/DedicatedSystem/SharedSystem, Outputs:2, VendorId:0x10de
[2018.07.05-16.33.02:544][  0]LogD3D11RHI:    1. 'Microsoft Basic Render Driver' (Feature Level 11_0)
[2018.07.05-16.33.02:544][  0]LogD3D11RHI:       0/0/6119 MB DedicatedVideo/DedicatedSystem/SharedSystem, Outputs:0, VendorId:0x1414
[2018.07.05-16.33.02:544][  0]LogD3D11RHI: Chosen D3D11 Adapter: 0
[2018.07.05-16.33.02:553][  0]LogD3D11RHI: Creating new Direct3DDevice
[2018.07.05-16.33.02:553][  0]LogD3D11RHI:     GPU DeviceId: 0x13c2 (for the marketing name, search the web for "GPU Device Id")
[2018.07.05-16.33.02:553][  0]LogWindows: EnumDisplayDevices:
[2018.07.05-16.33.02:554][  0]LogWindows:    0. 'NVIDIA GeForce GTX 970' (P:1 D:1)
[2018.07.05-16.33.02:554][  0]LogWindows:    1. 'NVIDIA GeForce GTX 970' (P:0 D:1)
[2018.07.05-16.33.02:554][  0]LogWindows:    2. 'NVIDIA GeForce GTX 970' (P:0 D:0)
[2018.07.05-16.33.02:554][  0]LogWindows:    3. 'NVIDIA GeForce GTX 970' (P:0 D:0)
[2018.07.05-16.33.02:554][  0]LogWindows: DebugString: GetVideoDriverDetailsInvalid PrimaryIsNotTheChoosenAdapter GetVideoDriverDetailsInvalid PrimaryIsNotTheChoosenAdapter GetVideoDriverDetailsInvalid PrimaryIsNotTheChoosenAdapter GetVideoDriverDetailsInvalid PrimaryIsNotTheChoosenAdapter FoundDriverCount:0 
[2018.07.05-16.33.02:554][  0]LogD3D11RHI:     Adapter Name: NVIDIA GeForce GTX 970
[2018.07.05-16.33.02:554][  0]LogD3D11RHI:   Driver Version: Unknown (internal:Unknown, unified:Unknown)
[2018.07.05-16.33.02:554][  0]LogD3D11RHI:      Driver Date: Unknown
[2018.07.05-16.33.02:554][  0]LogRHI: Texture pool is 1361 MB (70% of 1945 MB)
[2018.07.05-16.33.02:595][  0]LogD3D11RHI: Async texture creation enabled
[2018.07.05-16.33.02:613][  0]LogD3D11RHI: GPU Timing Frequency: 1000.000000 (Debug: 2 1)
[2018.07.05-16.33.02:668][  0]LogShaderCompilers: Guid format shader working directory is -26 characters bigger than the processId version (../../../../../../Users/user/Documents/Unreal Projects/Shooter/Shooter/Intermediate/Shaders/WorkingDirectory/11012/).
[2018.07.05-16.33.02:668][  0]LogShaderCompilers: Cleaned the shader compiler working directory 'C:/Users/user/AppData/Local/Temp/UnrealShaderWorkingDir/6334556841E7A4A68DB40BAF4FAAEE19/'.
[2018.07.05-16.33.02:668][  0]LogShaderCompilers: Display: Using Local Shader Compiler.
[2018.07.05-16.33.06:649][  0]LogTemp: Display: Loaded TP AllDesktopTargetPlatform
[2018.07.05-16.33.06:696][  0]LogTemp: Display: Loaded TP MacClientTargetPlatform
[2018.07.05-16.33.06:744][  0]LogTemp: Display: Loaded TP MacNoEditorTargetPlatform
[2018.07.05-16.33.06:791][  0]LogTemp: Display: Loaded TP MacServerTargetPlatform
[2018.07.05-16.33.06:869][  0]LogTemp: Display: Loaded TP MacTargetPlatform
[2018.07.05-16.33.06:917][  0]LogTemp: Display: Loaded TP WindowsClientTargetPlatform
[2018.07.05-16.33.06:965][  0]LogTemp: Display: Loaded TP WindowsNoEditorTargetPlatform
[2018.07.05-16.33.07:015][  0]LogTemp: Display: Loaded TP WindowsServerTargetPlatform
[2018.07.05-16.33.07:061][  0]LogTemp: Display: Loaded TP WindowsTargetPlatform
[2018.07.05-16.33.07:119][  0]LogTemp: Display: Loaded TP AndroidTargetPlatform
[2018.07.05-16.33.07:164][  0]LogTemp: Display: Loaded TP Android_ASTCTargetPlatform
[2018.07.05-16.33.07:210][  0]LogTemp: Display: Loaded TP Android_ATCTargetPlatform
[2018.07.05-16.33.07:257][  0]LogTemp: Display: Loaded TP Android_DXTTargetPlatform
[2018.07.05-16.33.07:346][  0]LogTemp: Display: Loaded TP Android_ETC1TargetPlatform
[2018.07.05-16.33.07:421][  0]LogTemp: Display: Loaded TP Android_ETC2TargetPlatform
[2018.07.05-16.33.07:534][  0]LogTemp: Display: Loaded TP Android_MultiTargetPlatform
[2018.07.05-16.33.07:534][  0]LogTemp: Display: Loaded TP Android_PVRTCTargetPlatform
[2018.07.05-16.33.07:577][  0]LogTemp: Display: Loaded TP HTML5TargetPlatform
[2018.07.05-16.33.07:768][  0]LogTemp: Display: Loaded TP IOSTargetPlatform
[2018.07.05-16.33.07:798][  0]LogTemp: Display: Loaded TP TVOSTargetPlatform
[2018.07.05-16.33.07:848][  0]LogTemp: Display: Loaded TP LinuxClientTargetPlatform
[2018.07.05-16.33.07:894][  0]LogTemp: Display: Loaded TP LinuxNoEditorTargetPlatform
[2018.07.05-16.33.07:940][  0]LogTemp: Display: Loaded TP LinuxServerTargetPlatform
[2018.07.05-16.33.07:995][  0]LogTemp: Display: Loaded TP LinuxTargetPlatform
[2018.07.05-16.33.07:995][  0]LogTargetPlatformManager: Display: Building Assets For Windows
[2018.07.05-16.33.09:398][  0]LogDerivedDataCache: Display: Max Cache Size: 512 MB
[2018.07.05-16.33.09:747][  0]LogDerivedDataCache: Loaded boot cache 0.35s 93MB C:/Users/user/AppData/Local/UnrealEngine/4.17/DerivedDataCache/Boot.ddc.
[2018.07.05-16.33.09:747][  0]LogDerivedDataCache: Display: Loaded Boot cache: C:/Users/user/AppData/Local/UnrealEngine/4.17/DerivedDataCache/Boot.ddc
[2018.07.05-16.33.09:747][  0]LogDerivedDataCache: FDerivedDataBackendGraph:  Pak pak cache file ../../../../../../Users/user/Documents/Unreal Projects/Shooter/Shooter/DerivedDataCache/DDC.ddp not found, will not use a pak cache.
[2018.07.05-16.33.09:747][  0]LogDerivedDataCache: Unable to find inner node Pak for hierarchical cache Hierarchy.
[2018.07.05-16.33.09:747][  0]LogDerivedDataCache: FDerivedDataBackendGraph:  CompressedPak pak cache file ../../../../../../Users/user/Documents/Unreal Projects/Shooter/Shooter/DerivedDataCache/Compressed.ddp not found, will not use a pak cache.
[2018.07.05-16.33.09:747][  0]LogDerivedDataCache: Unable to find inner node CompressedPak for hierarchical cache Hierarchy.
[2018.07.05-16.33.09:857][  0]LogDerivedDataCache: Display: Pak cache opened for reading ../../../Engine/DerivedDataCache/Compressed.ddp.
[2018.07.05-16.33.09:871][  0]LogDerivedDataCache: Using Local data cache path C:/Users/user/AppData/Local/UnrealEngine/Common/DerivedDataCache: Writable
[2018.07.05-16.33.09:881][  0]LogMaterial: Verifying Global Shaders for PCD3D_SM5
[2018.07.05-16.33.09:882][  0]LogSlate: Using Freetype 2.6.0
[2018.07.05-16.33.09:939][  0]LogSlate: SlateFontCache - WITH_FREETYPE: 1, WITH_HARFBUZZ: 1
[2018.07.05-16.33.09:939][  0]LogSlate: SlateFontCache - WITH_FREETYPE: 1, WITH_HARFBUZZ: 1
[2018.07.05-16.33.15:239][  0]LogAssetRegistry: FAssetRegistry took 0.0279 seconds to start up
[2018.07.05-16.33.15:597][  0]LogInit: Selected Device Profile: [Windows]
[2018.07.05-16.33.17:493][  0]LogContentStreaming: Texture pool size is 0.00 MB
[2018.07.05-16.33.18:490][  0]LogSimplygon: Simplygon DLL not present - disabling.
[2018.07.05-16.33.18:577][  0]LogMeshReduction: Using SimplygonSwarm for distributed automatic mesh merging
[2018.07.05-16.33.18:585][  0]LogMeshReduction: Using QuadricMeshReduction for automatic static mesh reduction
[2018.07.05-16.33.18:585][  0]LogMeshReduction: No automatic skeletal mesh reduction module available
[2018.07.05-16.33.18:585][  0]LogMeshReduction: No automatic mesh merging module available
[2018.07.05-16.33.18:585][  0]LogMeshMerging: No automatic mesh merging module available
[2018.07.05-16.33.20:291][  0]LogNetVersion: Shooter , NetCL: 3573198, EngineNetVer: 2, GameNetVer: 0 (Checksum: 272747623)
[2018.07.05-16.33.21:132][  0]LogPackageLocalizationCache: Processed 7 localized package path(s) for 1 prioritized culture(s) in 0.108214 seconds
[2018.07.05-16.33.21:139][  0]LogUObjectArray: 35827 objects as part of root set at end of initial load.
[2018.07.05-16.33.21:139][  0]LogUObjectAllocator: 7529552 out of 0 bytes used by permanent object pool.
[2018.07.05-16.33.21:139][  0]LogUObjectArray: CloseDisregardForGC: 0/0 objects in disregard for GC pool
[2018.07.05-16.33.21:203][  0]LogInit: WinSock: version 1.1 (2.2), MaxSocks=32767, MaxUdp=65467
[2018.07.05-16.33.32:210][  0]LogTcpMessaging: Initializing TcpMessaging bridge
[2018.07.05-16.33.32:255][  0]LogUdpMessaging: Initializing bridge on interface 0.0.0.0:0 to multicast group 230.0.0.1:6666.
[2018.07.05-16.33.33:529][  0]LogMaterial: Uniform references updated for custom material expression Custom.
[2018.07.05-16.33.34:175][  0]SourceControl: Source control is disabled
[2018.07.05-16.33.37:471][  0]LogLinker: Warning: Can't find file '/DatasmithImporter/Materials/DeltaGenMaster'
[2018.07.05-16.33.37:471][  0]LogLinker: Warning: Can't find file '/DatasmithImporter/Materials/DeltaGenMaster'
[2018.07.05-16.33.37:471][  0]LogUObjectGlobals: Warning: Failed to find object 'Object /DatasmithImporter/Materials/DeltaGenMaster.DeltaGenMaster'
[2018.07.05-16.33.37:471][  0]LogLinker: Warning: Can't find file '/DatasmithImporter/Materials/DeltaGenMasterTransparent'
[2018.07.05-16.33.37:471][  0]LogLinker: Warning: Can't find file '/DatasmithImporter/Materials/DeltaGenMasterTransparent'
[2018.07.05-16.33.37:471][  0]LogUObjectGlobals: Warning: Failed to find object 'Object /DatasmithImporter/Materials/DeltaGenMasterTransparent.DeltaGenMasterTransparent'
[2018.07.05-16.33.37:472][  0]LogLinker: Warning: Can't find file '/DatasmithImporter/Materials/DeltaGenMasterAbsorb'
[2018.07.05-16.33.37:472][  0]LogLinker: Warning: Can't find file '/DatasmithImporter/Materials/DeltaGenMasterAbsorb'
[2018.07.05-16.33.37:472][  0]LogUObjectGlobals: Warning: Failed to find object 'Object /DatasmithImporter/Materials/DeltaGenMasterAbsorb.DeltaGenMasterAbsorb'
[2018.07.05-16.33.37:472][  0]LogLinker: Warning: Can't find file '/DatasmithImporter/Materials/DeltaGenMasterClearCoat'
[2018.07.05-16.33.37:472][  0]LogLinker: Warning: Can't find file '/DatasmithImporter/Materials/DeltaGenMasterClearCoat'
[2018.07.05-16.33.37:472][  0]LogUObjectGlobals: Warning: Failed to find object 'Object /DatasmithImporter/Materials/DeltaGenMasterClearCoat.DeltaGenMasterClearCoat'
[2018.07.05-16.33.38:030][  0]LogAndroidPermission: UAndroidPermissionCallbackProxy::GetInstance
[2018.07.05-16.33.38:413][  0]LogHoudiniEngine: Starting the Houdini Engine module.
[2018.07.05-16.33.38:424][  0]LogHoudiniEngine: Failed locating or loading libHAPIL.dll
[2018.07.05-16.33.38:464][  0]LogLinker: Warning: Asset '../../../Engine/Plugins/Runtime/HoudiniEngine/Content/houdini_logo.uasset' has been saved with empty engine version. The asset will be loaded but may be incompatible.
[2018.07.05-16.33.38:480][  0]LogLinker: Warning: Asset '../../../Engine/Plugins/Runtime/HoudiniEngine/Content/houdini_default_material.uasset' has been saved with empty engine version. The asset will be loaded but may be incompatible.
[2018.07.05-16.33.38:512][  0]LogLinker: Warning: Asset '../../../Engine/Plugins/Runtime/HoudiniEngine/Content/houdini_bgeo_import.uasset' has been saved with empty engine version. The asset will be loaded but may be incompatible.
[2018.07.05-16.33.38:655][  0]LogOcInput: OculusInput pre-init called
[2018.07.05-16.33.39:364][  0]LogEngine: Initializing Engine...
[2018.07.05-16.33.39:539][  0]LogHMD: Failed to initialize OpenVR with code 126
[2018.07.05-16.33.40:597][  0]LogStats: UGameplayTagsManager::ConstructGameplayTagTree: Construct from data asset -  0.000 s
[2018.07.05-16.33.40:597][  0]LogStats: UGameplayTagsManager::ConstructGameplayTagTree: GameplayTagTreeChangedEvent.Broadcast -  0.000 s
[2018.07.05-16.33.41:447][  0]LogAIModule: Creating AISystem for world Untitled
[2018.07.05-16.33.41:618][  0]LogInit: XAudio2 using 'Speakers (Realtek High Definition Audio)' : 2 channels at 48 kHz using 32 bits per sample (channel mask 0x3)
[2018.07.05-16.33.41:655][  0]LogInit: FAudioDevice initialized.
[2018.07.05-16.33.41:772][  0]LogDerivedDataCache: Saved boot cache 0.10s 93MB C:/Users/user/AppData/Local/UnrealEngine/4.17/DerivedDataCache/Boot.ddc.
[2018.07.05-16.33.41:791][  0]LogInit: Texture streaming: Enabled
[2018.07.05-16.33.41:960][  0]LogEngineSessionManager: EngineSessionManager initialized
[2018.07.05-16.33.42:538][  0]LogInit: Transaction tracking system initialized
[2018.07.05-16.33.43:066][  0]BlueprintLog: New page: Editor Load
[2018.07.05-16.33.45:066][  0]LocalizationService: Localization service is disabled
[2018.07.05-16.33.47:029][  0]LogLinker: Warning: Can't find file '/Game/01_test'
[2018.07.05-16.33.47:029][  0]LogLinker: Warning: Can't find file '/Game/01_test'
[2018.07.05-16.33.47:029][  0]LogUObjectGlobals: Warning: Failed to find object 'Class /Game/01_test.01_test_C'
[2018.07.05-16.33.47:029][  0]LogLinker: Warning: Can't find file '/Game/02_tutoforpezito'
[2018.07.05-16.33.47:029][  0]LogLinker: Warning: Can't find file '/Game/02_tutoforpezito'
[2018.07.05-16.33.47:029][  0]LogUObjectGlobals: Warning: Failed to find object 'Class /Game/02_tutoforpezito.02_tutoforpezito_C'
[2018.07.05-16.33.47:591][  0]LogConsoleResponse: Display: 
[2018.07.05-16.33.49:449][  0]LogFileCache: Scanning file cache for directory 'E:/Users/user/Documents/Unreal Projects/Shooter/Shooter/Content/' took 0.03s
[2018.07.05-16.33.49:449][  0]LogCook: Display: Max memory allowance for cook 16384mb min free memory 0mb
[2018.07.05-16.33.49:449][  0]LogCook: Display: Mobile HDR setting 1
[2018.07.05-16.33.49:495][  0]LogGameplayTags: Display: UGameplayTagsManager::DoneAddingNativeTags. DelegateIsBound: 0
[2018.07.05-16.33.50:842][  0]LogHoudiniEngineEditor: Starting the Houdini Engine Editor module.
[2018.07.05-16.33.50:858][  0]LogStreaming: Warning: Failed to read file '../../../Engine/Plugins/Runtime/HoudiniEngine/Content/Icons/icon_houdini_logo_40.png' error.
[2018.07.05-16.33.50:858][  0]LogSlate: Could not find file for Slate resource: ../../../Engine/Plugins/Runtime/HoudiniEngine/Content/Icons/icon_houdini_logo_40.png
[2018.07.05-16.33.52:022][  0]Cmd: MAP LOAD FILE="../../../../../../Users/user/Documents/Unreal Projects/Shooter/Shooter/Content/Prototype/Levels/Game/Arena/PrototypeScene.umap" TEMPLATE=0 SHOWPROGRESS=1 FEATURELEVEL=3
[2018.07.05-16.33.52:068][  0]LightingResults: New page: Lighting Build
[2018.07.05-16.33.52:331][  0]MapCheck: New page: Map Check
[2018.07.05-16.33.52:331][  0]LightingResults: New page: Lighting Build
[2018.07.05-16.33.54:920][  0]LogAIModule: Creating AISystem for world PrototypeScene
[2018.07.05-16.33.55:741][  0]LogStats: FPlatformStackWalk::StackWalkAndDump -  0.555 s
[2018.07.05-16.33.55:742][  0]LogOutputDevice: Error: === Handled ensure: ===
[2018.07.05-16.33.55:742][  0]LogOutputDevice: Error: 
[2018.07.05-16.33.55:742][  0]LogOutputDevice: Error: Ensure condition failed: NewTransform.IsValid() [File:D:\Build\++UE4+Release-4.17+Compile\Sync\Engine\Source\Runtime\Engine\Private\Components\SceneComponent.cpp] [Line: 538]
[2018.07.05-16.33.55:742][  0]LogOutputDevice: Error: 
[2018.07.05-16.33.55:742][  0]LogOutputDevice: Error: Stack: 
[2018.07.05-16.33.55:742][  0]LogOutputDevice: Error: UE4Editor-Core.dll!0x00000000BB7F3E36
[2018.07.05-16.33.55:742][  0]LogOutputDevice: Error: UE4Editor-Core.dll!0x00000000BB57C2D2
[2018.07.05-16.33.55:742][  0]LogOutputDevice: Error: UE4Editor-Core.dll!0x00000000BB594746
[2018.07.05-16.33.55:742][  0]LogOutputDevice: Error: UE4Editor-Engine.dll!0x00000000AF6329BC
[2018.07.05-16.33.55:742][  0]LogOutputDevice: Error: UE4Editor-Engine.dll!0x00000000AF0724C1
[2018.07.05-16.33.55:742][  0]LogOutputDevice: Error: UE4Editor-Engine.dll!0x00000000AF5F3A63
[2018.07.05-16.33.55:742][  0]LogOutputDevice: Error: UE4Editor-Engine.dll!0x00000000AF6181A2
[2018.07.05-16.33.55:742][  0]LogOutputDevice: Error: UE4Editor-Engine.dll!0x00000000AF61801E
[2018.07.05-16.33.55:742][  0]LogOutputDevice: Error: UE4Editor-Engine.dll!0x00000000AF52D9F3
[2018.07.05-16.33.55:742][  0]LogOutputDevice: Error: UE4Editor-Engine.dll!0x00000000AF55A85F
[2018.07.05-16.33.55:742][  0]LogOutputDevice: Error: UE4Editor-Engine.dll!0x00000000AF12DDE2
[2018.07.05-16.33.55:742][  0]LogOutputDevice: Error: UE4Editor-Engine.dll!0x00000000AF9A16CE
[2018.07.05-16.33.55:742][  0]LogOutputDevice: Error: UE4Editor-Engine.dll!0x00000000B02E3837
[2018.07.05-16.33.55:742][  0]LogOutputDevice: Error: UE4Editor-UnrealEd.dll!0x00000000ADBA62C5
[2018.07.05-16.33.55:742][  0]LogOutputDevice: Error: UE4Editor-UnrealEd.dll!0x00000000ADB97395
[2018.07.05-16.33.55:742][  0]LogOutputDevice: Error: UE4Editor-UnrealEd.dll!0x00000000ADB7CC72
[2018.07.05-16.33.55:742][  0]LogOutputDevice: Error: UE4Editor-UnrealEd.dll!0x00000000AE3F5309
[2018.07.05-16.33.55:742][  0]LogOutputDevice: Error: UE4Editor-UnrealEd.dll!0x00000000ADE7E77B
[2018.07.05-16.33.55:742][  0]LogOutputDevice: Error: UE4Editor-UnrealEd.dll!0x00000000ADE7E3CF
[2018.07.05-16.33.55:742][  0]LogOutputDevice: Error: UE4Editor-UnrealEd.dll!0x00000000AE3AD9CB
[2018.07.05-16.33.55:742][  0]LogOutputDevice: Error: UE4Editor-UnrealEd.dll!0x00000000AE37208F
[2018.07.05-16.33.55:742][  0]LogOutputDevice: Error: UE4Editor.exe!0x000000000D693866
[2018.07.05-16.33.55:742][  0]LogOutputDevice: Error: UE4Editor.exe!0x000000000D6939EA
[2018.07.05-16.33.55:742][  0]LogOutputDevice: Error: UE4Editor.exe!0x000000000D6A02D9
[2018.07.05-16.33.55:742][  0]LogOutputDevice: Error: UE4Editor.exe!0x000000000D6A1C47
[2018.07.05-16.33.55:742][  0]LogOutputDevice: Error: KERNEL32.DLL!0x0000000067FE3034
[2018.07.05-16.33.55:742][  0]LogOutputDevice: Error: ntdll.dll!0x000000006A671431
[2018.07.05-16.33.55:742][  0]LogOutputDevice: Error: 
[2018.07.05-16.33.55:747][  0]LogStats:                SubmitErrorReport -  0.000 s
[2018.07.05-16.33.58:344][  0]LogStats:                    SendNewReport -  2.597 s
[2018.07.05-16.33.58:344][  0]LogStats:             FDebug::EnsureFailed -  3.162 s
[2018.07.05-16.33.58:364][  0]LogStats: FPlatformStackWalk::StackWalkAndDump -  0.009 s
[2018.07.05-16.33.58:364][  0]LogOutputDevice: Error: === Handled ensure: ===
[2018.07.05-16.33.58:364][  0]LogOutputDevice: Error: 
[2018.07.05-16.33.58:364][  0]LogOutputDevice: Error: Ensure condition failed: !Primitive->Bounds.BoxExtent.ContainsNaN() && !Primitive->Bounds.Origin.ContainsNaN() && !FMath::IsNaN(Primitive->Bounds.SphereRadius) && FMath::IsFinite(Primitive->Bounds.SphereRadius) [File:D:\Build\++UE4+Release-4.17+Compile\Sync\Engine\Source\Runtime\Renderer\Private\RendererScene.cpp] [Line: 759]
[2018.07.05-16.33.58:364][  0]LogOutputDevice: Error: Nans found on Bounds for Primitive CaptureOffset: Origin X=-nan(ind) Y=-nan(ind) Z=-nan(ind), BoxExtent X=51.200 Y=51.200 Z=51.200, SphereRadius 88.681000
[2018.07.05-16.33.58:364][  0]LogOutputDevice: Error: Stack: 
[2018.07.05-16.33.58:364][  0]LogOutputDevice: Error: UE4Editor-Core.dll!0x00000000BB7F3E36
[2018.07.05-16.33.58:364][  0]LogOutputDevice: Error: UE4Editor-Core.dll!0x00000000BB57C2D2
[2018.07.05-16.33.58:364][  0]LogOutputDevice: Error: UE4Editor-Core.dll!0x00000000BB594746
[2018.07.05-16.33.58:364][  0]LogOutputDevice: Error: UE4Editor-Renderer.dll!0x00000000AD157D29
[2018.07.05-16.33.58:364][  0]LogOutputDevice: Error: UE4Editor-Engine.dll!0x00000000AF5FD7A4
[2018.07.05-16.33.58:364][  0]LogOutputDevice: Error: UE4Editor-Engine.dll!0x00000000AF52DE2C
[2018.07.05-16.33.58:364][  0]LogOutputDevice: Error: UE4Editor-Engine.dll!0x00000000AF55A85F
[2018.07.05-16.33.58:364][  0]LogOutputDevice: Error: UE4Editor-Engine.dll!0x00000000AF12DDE2
[2018.07.05-16.33.58:364][  0]LogOutputDevice: Error: UE4Editor-Engine.dll!0x00000000AF9A16CE
[2018.07.05-16.33.58:364][  0]LogOutputDevice: Error: UE4Editor-Engine.dll!0x00000000B02E3837
[2018.07.05-16.33.58:364][  0]LogOutputDevice: Error: UE4Editor-UnrealEd.dll!0x00000000ADBA62C5
[2018.07.05-16.33.58:364][  0]LogOutputDevice: Error: UE4Editor-UnrealEd.dll!0x00000000ADB97395
[2018.07.05-16.33.58:364][  0]LogOutputDevice: Error: UE4Editor-UnrealEd.dll!0x00000000ADB7CC72
[2018.07.05-16.33.58:364][  0]LogOutputDevice: Error: UE4Editor-UnrealEd.dll!0x00000000AE3F5309
[2018.07.05-16.33.58:364][  0]LogOutputDevice: Error: UE4Editor-UnrealEd.dll!0x00000000ADE7E77B
[2018.07.05-16.33.58:364][  0]LogOutputDevice: Error: UE4Editor-UnrealEd.dll!0x00000000ADE7E3CF
[2018.07.05-16.33.58:364][  0]LogOutputDevice: Error: UE4Editor-UnrealEd.dll!0x00000000AE3AD9CB
[2018.07.05-16.33.58:364][  0]LogOutputDevice: Error: UE4Editor-UnrealEd.dll!0x00000000AE37208F
[2018.07.05-16.33.58:364][  0]LogOutputDevice: Error: UE4Editor.exe!0x000000000D693866
[2018.07.05-16.33.58:364][  0]LogOutputDevice: Error: UE4Editor.exe!0x000000000D6939EA
[2018.07.05-16.33.58:364][  0]LogOutputDevice: Error: UE4Editor.exe!0x000000000D6A02D9
[2018.07.05-16.33.58:364][  0]LogOutputDevice: Error: UE4Editor.exe!0x000000000D6A1C47
[2018.07.05-16.33.58:364][  0]LogOutputDevice: Error: KERNEL32.DLL!0x0000000067FE3034
[2018.07.05-16.33.58:364][  0]LogOutputDevice: Error: ntdll.dll!0x000000006A671431
[2018.07.05-16.33.58:364][  0]LogOutputDevice: Error: 
[2018.07.05-16.33.58:374][  0]LogStats:                SubmitErrorReport -  0.000 s
[2018.07.05-16.33.58:669][  0]LogStats:                    SendNewReport -  0.296 s
[2018.07.05-16.33.58:669][  0]LogStats:             FDebug::EnsureFailed -  0.315 s
[2018.07.05-16.33.58:835][  0]LogEditorServer: Finished looking for orphan Actors (0.000 secs)
[2018.07.05-16.33.59:013][  0]LogStats: FPlatformStackWalk::StackWalkAndDump -  0.103 s
[2018.07.05-16.33.59:013][  0]LogOutputDevice: Error: === Handled ensure: ===
[2018.07.05-16.33.59:013][  0]LogOutputDevice: Error: 
[2018.07.05-16.33.59:013][  0]LogOutputDevice: Error: Ensure condition failed: !Primitive->Bounds.BoxExtent.ContainsNaN() && !Primitive->Bounds.Origin.ContainsNaN() && !FMath::IsNaN(Primitive->Bounds.SphereRadius) && FMath::IsFinite(Primitive->Bounds.SphereRadius) [File:D:\Build\++UE4+Release-4.17+Compile\Sync\Engine\Source\Runtime\Renderer\Private\RendererScene.cpp] [Line: 877]
[2018.07.05-16.33.59:013][  0]LogOutputDevice: Error: Nans found on Bounds for Primitive CaptureOffset: Origin X=-nan(ind) Y=-nan(ind) Z=-nan(ind), BoxExtent X=51.200 Y=51.200 Z=51.200, SphereRadius 88.681000
[2018.07.05-16.33.59:013][  0]LogOutputDevice: Error: Stack: 
[2018.07.05-16.33.59:013][  0]LogOutputDevice: Error: UE4Editor-Core.dll!0x00000000BB7F3E36
[2018.07.05-16.33.59:013][  0]LogOutputDevice: Error: UE4Editor-Core.dll!0x00000000BB57C2D2
[2018.07.05-16.33.59:013][  0]LogOutputDevice: Error: UE4Editor-Core.dll!0x00000000BB594746
[2018.07.05-16.33.59:013][  0]LogOutputDevice: Error: UE4Editor-Renderer.dll!0x00000000AD1E55B7
[2018.07.05-16.33.59:013][  0]LogOutputDevice: Error: UE4Editor-Engine.dll!0x00000000AF6240EC
[2018.07.05-16.33.59:013][  0]LogOutputDevice: Error: UE4Editor-Engine.dll!0x00000000AF52AD19
[2018.07.05-16.33.59:013][  0]LogOutputDevice: Error: UE4Editor-Engine.dll!0x00000000AFA06C07
[2018.07.05-16.33.59:013][  0]LogOutputDevice: Error: UE4Editor-Engine.dll!0x00000000AFA48DAD
[2018.07.05-16.33.59:013][  0]LogOutputDevice: Error: UE4Editor-Engine.dll!0x00000000AFA6028C
[2018.07.05-16.33.59:013][  0]LogOutputDevice: Error: UE4Editor-Engine.dll!0x00000000B01E566E
[2018.07.05-16.33.59:013][  0]LogOutputDevice: Error: UE4Editor-Engine.dll!0x00000000AF389DC7
[2018.07.05-16.33.59:013][  0]LogOutputDevice: Error: UE4Editor-CoreUObject.dll!0x00000000C6002EA5
[2018.07.05-16.33.59:013][  0]LogOutputDevice: Error: UE4Editor-CoreUObject.dll!0x00000000C61821AA
[2018.07.05-16.33.59:013][  0]LogOutputDevice: Error: UE4Editor-CoreUObject.dll!0x00000000C6181C55
[2018.07.05-16.33.59:013][  0]LogOutputDevice: Error: UE4Editor-UnrealEd.dll!0x00000000ADBA75CD
[2018.07.05-16.33.59:013][  0]LogOutputDevice: Error: UE4Editor-UnrealEd.dll!0x00000000ADB97395
[2018.07.05-16.33.59:013][  0]LogOutputDevice: Error: UE4Editor-UnrealEd.dll!0x00000000ADB7CC72
[2018.07.05-16.33.59:013][  0]LogOutputDevice: Error: UE4Editor-UnrealEd.dll!0x00000000AE3F5309
[2018.07.05-16.33.59:013][  0]LogOutputDevice: Error: UE4Editor-UnrealEd.dll!0x00000000ADE7E77B
[2018.07.05-16.33.59:013][  0]LogOutputDevice: Error: UE4Editor-UnrealEd.dll!0x00000000ADE7E3CF
[2018.07.05-16.33.59:013][  0]LogOutputDevice: Error: UE4Editor-UnrealEd.dll!0x00000000AE3AD9CB
[2018.07.05-16.33.59:013][  0]LogOutputDevice: Error: UE4Editor-UnrealEd.dll!0x00000000AE37208F
[2018.07.05-16.33.59:013][  0]LogOutputDevice: Error: UE4Editor.exe!0x000000000D693866
[2018.07.05-16.33.59:013][  0]LogOutputDevice: Error: UE4Editor.exe!0x000000000D6939EA
[2018.07.05-16.33.59:013][  0]LogOutputDevice: Error: UE4Editor.exe!0x000000000D6A02D9
[2018.07.05-16.33.59:013][  0]LogOutputDevice: Error: UE4Editor.exe!0x000000000D6A1C47
[2018.07.05-16.33.59:013][  0]LogOutputDevice: Error: KERNEL32.DLL!0x0000000067FE3034
[2018.07.05-16.33.59:013][  0]LogOutputDevice: Error: ntdll.dll!0x000000006A671431
[2018.07.05-16.33.59:013][  0]LogOutputDevice: Error: 
[2018.07.05-16.33.59:019][  0]LogStats:                SubmitErrorReport -  0.000 s
[2018.07.05-16.33.59:325][  0]LogStats:                    SendNewReport -  0.306 s
[2018.07.05-16.33.59:325][  0]LogStats:             FDebug::EnsureFailed -  0.415 s
[2018.07.05-16.33.59:367][  0]Cmd: MAP CHECKDEP NOCLEARLOG
[2018.07.05-16.33.59:424][  0]MapCheck: Map check complete: 0 Error(s), 0 Warning(s), took 56.714ms to complete.
[2018.07.05-16.33.59:424][  0]LogFileHelpers: Loading map 'PrototypeScene' took 7.424
[2018.07.05-16.34.01:601][  0]LogCollectionManager: Loaded 0 collections in 0.000952 seconds
[2018.07.05-16.34.01:917][  0]LogFileCache: Scanning file cache for directory 'E:/Users/user/Documents/Unreal Projects/Shooter/Shooter/Saved/Collections/' took 0.01s
[2018.07.05-16.34.01:917][  0]LogFileCache: Scanning file cache for directory 'E:/Users/user/Documents/Unreal Projects/Shooter/Shooter/Content/Developers/user/Collections/' took 0.01s
[2018.07.05-16.34.01:917][  0]LogFileCache: Scanning file cache for directory 'E:/Users/user/Documents/Unreal Projects/Shooter/Shooter/Content/Collections/' took 0.01s
[2018.07.05-16.34.01:917][  0]LogCollectionManager: Rebuilt the GUID cache for 0 collections in 0.000001 seconds
[2018.07.05-16.34.01:959][  0]LogContentBrowser: Native class hierarchy populated in 0.0408 seconds. Added 2431 classes and 518 folders.
[2018.07.05-16.34.02:134][  0]LogContentBrowser: Native class hierarchy updated for 'WidgetCarousel' in 0.0089 seconds. Added 0 classes and 0 folders.
[2018.07.05-16.34.03:459][  0]LogContentBrowser: Native class hierarchy updated for 'AddContentDialog' in 0.0019 seconds. Added 0 classes and 0 folders.
[2018.07.05-16.34.03:556][  0]LogContentBrowser: Native class hierarchy updated for 'SceneOutliner' in 0.0020 seconds. Added 1 classes and 2 folders.
[2018.07.05-16.34.04:384][  0]LogContentBrowser: Native class hierarchy updated for 'WorldBrowser' in 0.0019 seconds. Added 2 classes and 3 folders.
[2018.07.05-16.34.04:514][  0]LogSlate: Took 0.012572 seconds to synchronously load lazily loaded font '../../../Engine/Content/Slate/Fonts/Roboto-Regular.ttf' (155K)
[2018.07.05-16.34.04:535][  0]LogSlate: Took 0.018777 seconds to synchronously load lazily loaded font '../../../Engine/Content/Slate/Fonts/Roboto-Bold.ttf' (160K)
[2018.07.05-16.34.04:600][  0]LogSlate: Took 0.012363 seconds to synchronously load lazily loaded font '../../../Engine/Content/Editor/Slate/Fonts/FontAwesome.ttf' (139K)
[2018.07.05-16.34.05:215][  0]LogRenderer: Reallocating scene render targets to support 1016x328 Format 10 NumSamples 1 (Frame:1).
[2018.07.05-16.34.05:960][  0]LogContentBrowser: Native class hierarchy updated for 'HierarchicalLODOutliner' in 0.0018 seconds. Added 1 classes and 2 folders.
[2018.07.05-16.34.05:961][  0]LogLoad: (Engine Initialization) Total time: 84.25 seconds
[2018.07.05-16.34.05:961][  0]LogLoad: (Engine Initialization) Total Blueprint compile time: 0.00 seconds
[2018.07.05-16.34.05:970][  0]LogExternalProfiler: Found external profiler: VSPerf
[2018.07.05-16.34.05:970][  0]LogExternalProfiler: Using external profiler: VSPerf
[2018.07.05-16.34.06:480][  0]SourceControl: On branch Graphics_Prototype
[2018.07.05-16.34.06:480][  0]SourceControl: Changes to be committed:
[2018.07.05-16.34.06:480][  0]SourceControl:   (use "git reset HEAD <file>..." to unstage)
[2018.07.05-16.34.06:480][  0]SourceControl: 	new file:   Shooter/Content/Prototype/Assets/ProtoMinion02/FbxScene_ProtoMinion.uasset
[2018.07.05-16.34.06:480][  0]SourceControl: 	new file:   Shooter/Content/Prototype/Assets/ProtoMinion02/FbxScene_ProtoMinion_1.uasset
[2018.07.05-16.34.06:480][  0]SourceControl: 	new file:   Shooter/Content/Prototype/Assets/ProtoMinion02/L_Arm.uasset
[2018.07.05-16.34.06:480][  0]SourceControl: 	new file:   Shooter/Content/Prototype/Assets/ProtoMinion02/L_DownArm.uasset
[2018.07.05-16.34.06:480][  0]SourceControl: 	new file:   Shooter/Content/Prototype/Assets/ProtoMinion02/L_lames.uasset
[2018.07.05-16.34.06:480][  0]SourceControl: 	new file:   Shooter/Content/Prototype/Assets/ProtoMinion02/ProtoMinion.uasset
[2018.07.05-16.34.06:480][  0]SourceControl: 	new file:   Shooter/Content/Prototype/Assets/ProtoMinion02/ProtoMinion1.uasset
[2018.07.05-16.34.06:481][  0]SourceControl: 	new file:   Shooter/Content/Prototype/Assets/ProtoMinion02/R_Arm.uasset
[2018.07.05-16.34.06:481][  0]SourceControl: 	new file:   Shooter/Content/Prototype/Assets/ProtoMinion02/R_DownArm.uasset
[2018.07.05-16.34.06:481][  0]SourceControl: 	new file:   Shooter/Content/Prototype/Assets/ProtoMinion02/R_Lames.uasset
[2018.07.05-16.34.06:481][  0]SourceControl: 	new file:   Shooter/Content/Prototype/Assets/ProtoMinion02/RobotBody.uasset
[2018.07.05-16.34.06:481][  0]SourceControl: 	new file:   Shooter/Content/Prototype/Assets/ProtoMinion03/FbxScene_ProtoMinion.uasset
[2018.07.05-16.34.06:481][  0]SourceControl: 	new file:   Shooter/Content/Prototype/Assets/ProtoMinion03/ProtoMinion.uasset
[2018.07.05-16.34.06:481][  0]SourceControl: 	new file:   Shooter/Content/Prototype/Assets/ProtoMinion03/ProtoMinion1.uasset
[2018.07.05-16.34.06:481][  0]SourceControl: 	new file:   Shooter/Content/Prototype/Assets/ProtoMinion03/ProtoMinion2.uasset
[2018.07.05-16.34.06:481][  0]SourceControl: 	new file:   Shooter/Content/Prototype/Assets/ProtoMinion03/RobotBody.uasset
[2018.07.05-16.34.06:481][  0]SourceControl: 	new file:   Shooter/Content/Prototype/Assets/ProtoMinion03/RobotBody_Anim.uasset
[2018.07.05-16.34.06:481][  0]SourceControl: 	new file:   Shooter/Content/Prototype/Assets/ProtoMinion03/RobotBody_Skeleton.uasset
[2018.07.05-16.34.06:481][  0]SourceControl: 	deleted:    Shooter/Content/Prototype/Assets/Proto_Minion/BaseMaterial_PBR.uasset
[2018.07.05-16.34.06:481][  0]SourceControl: 	deleted:    Shooter/Content/Prototype/Assets/Proto_Minion/Minion_Mat.uasset
[2018.07.05-16.34.06:481][  0]SourceControl: 	deleted:    Shooter/Content/Prototype/Assets/Proto_Minion/Proto_Minion_BaseColor.uasset
[2018.07.05-16.34.06:481][  0]SourceControl: 	deleted:    Shooter/Content/Prototype/Assets/Proto_Minion/Proto_Minion_Normal.uasset
[2018.07.05-16.34.06:481][  0]SourceControl: 	deleted:    Shooter/Content/Prototype/Assets/Proto_Minion/Proto_Minion_OcclusionRoughnessMetallic.uasset
[2018.07.05-16.34.06:481][  0]SourceControl: 	new file:   Shooter/Content/Prototype/Assets/Proto_Minion/RobotBody_Anim_Blueprint.uasset
[2018.07.05-16.34.06:481][  0]SourceControl: 	deleted:    Shooter/Content/Prototype/Assets/Proto_Minion/ShipMesh.uasset
[2018.07.05-16.34.06:481][  0]SourceControl: 	new file:   Shooter/Content/Prototype/Assets/Protomimi/NewBlueprint.uasset
[2018.07.05-16.34.06:481][  0]SourceControl: 	new file:   Shooter/Content/Prototype/Assets/Protomimi/ProtoMinion.uasset
[2018.07.05-16.34.06:481][  0]SourceControl: 	new file:   Shooter/Content/Prototype/Assets/Protomimi/ProtoMinion1.uasset
[2018.07.05-16.34.06:481][  0]SourceControl: 	new file:   Shooter/Content/Prototype/Assets/Protomimi/ProtoMinion2.uasset
[2018.07.05-16.34.06:481][  0]SourceControl: 	new file:   Shooter/Content/Prototype/Assets/Protomimi/ProtoMinion3.uasset
[2018.07.05-16.34.06:481][  0]SourceControl: 	new file:   Shooter/Content/Prototype/Assets/Protomimi/ProtoMinion4.uasset
[2018.07.05-16.34.06:481][  0]SourceControl: 	new file:   Shooter/Content/Prototype/Assets/Protomimi/ProtoMinion5.uasset
[2018.07.05-16.34.06:481][  0]SourceControl: 	new file:   Shooter/Content/Prototype/Assets/Protomimi/RobotBody.uasset
[2018.07.05-16.34.06:481][  0]SourceControl: 	new file:   Shooter/Content/Prototype/Assets/Protomimi/RobotBody_Anim.uasset
[2018.07.05-16.34.06:481][  0]SourceControl: 	new file:   Shooter/Content/Prototype/Assets/Protomimi/RobotBody_Skeleton.uasset
[2018.07.05-16.34.06:481][  0]SourceControl: Changes not staged for commit:
[2018.07.05-16.34.06:481][  0]SourceControl:   (use "git add <file>..." to update what will be committed)
[2018.07.05-16.34.06:481][  0]SourceControl:   (use "git checkout -- <file>..." to discard changes in working directory)
[2018.07.05-16.34.06:481][  0]SourceControl: 	modified:   Shooter/Content/Prototype/Assets/Ennemys/SpaceShips/Proto_Minion/Materials/PP1_Lame_Inst.uasset
[2018.07.05-16.34.06:481][  0]SourceControl: 	modified:   Shooter/Content/Prototype/Assets/ProtoMinion02/FbxScene_ProtoMinion.uasset
[2018.07.05-16.34.06:481][  0]SourceControl: 	modified:   Shooter/Content/Prototype/Assets/Protomimi/RobotBody_Anim.uasset
[2018.07.05-16.34.06:481][  0]SourceControl: 	modified:   Shooter/Content/Prototype/Ships/Pieces/Assets/Proto_Minion/Minion_Mat.uasset
[2018.07.05-16.34.06:481][  0]LogContentStreaming: Texture pool size now 1000 MB
[2018.07.05-16.34.06:673][  0]LogSlate: Took 0.015138 seconds to synchronously load lazily loaded font '../../../Engine/Content/Slate/Fonts/Roboto-Light.ttf' (159K)
[2018.07.05-16.34.07:397][  3]LogAssetRegistry: Asset discovery search completed in 52.1817 seconds
[2018.07.05-16.34.07:411][  3]LogCollectionManager: Rebuilt the object cache for 0 collections in 0.000000 seconds (found 0 objects)
[2018.07.05-16.34.07:411][  3]LogCollectionManager: Fixed up redirectors for 0 collections in 0.000066 seconds (updated 0 objects)
[2018.07.05-16.34.07:423][  3]LogSlate: Took 0.000322 seconds to synchronously load lazily loaded font '../../../Engine/Content/Slate/Fonts/Roboto-Light.ttf' (159K)
[2018.07.05-16.36.11:079][785]LogEditorViewport: Clicking on Actor (LMB): StaticMeshActor (TEstLame_R_Lames_grp3)
[2018.07.05-16.36.12:961][965]Cmd: CAMERA ALIGN ACTIVEVIEWPORTONLY
[2018.07.05-16.40.14:429][291]LogSlate: Took 0.000186 seconds to synchronously load lazily loaded font '../../../Engine/Content/Slate/Fonts/Roboto-Light.ttf' (159K)
[2018.07.05-16.40.14:476][291]Cmd: MAP LOAD FILE="../../../../../../Users/user/Documents/Unreal Projects/Shooter/Shooter/Content/Prototype/Levels/Game/Arena/PrototypeScene.umap" TEMPLATE=0 SHOWPROGRESS=1 FEATURELEVEL=3
[2018.07.05-16.40.14:476][291]LightingResults: New page: Lighting Build
[2018.07.05-16.40.14:477][291]LoadErrors: New page: Loading map: PrototypeScene.umap
[2018.07.05-16.40.14:491][291]MapCheck: New page: Map Check
[2018.07.05-16.40.14:491][291]LightingResults: New page: Lighting Build
[2018.07.05-16.40.14:556][291]LogAIModule: Creating AISystem for world PrototypeScene
[2018.07.05-16.40.14:624][291]LogEditorServer: Finished looking for orphan Actors (0.000 secs)
[2018.07.05-16.40.14:680][291]Cmd: MAP CHECKDEP NOCLEARLOG
[2018.07.05-16.40.14:729][291]MapCheck: Map check complete: 0 Error(s), 0 Warning(s), took 48.92ms to complete.
[2018.07.05-16.40.14:730][291]LogFileHelpers: Loading map 'PrototypeScene' took 0.264
[2018.07.05-16.40.17:970][652]LogTemp: Repeating last play command: Selected Viewport
[2018.07.05-16.40.18:092][652]LogBlueprintUserMessages: Early PlayInEditor Detection: Level '/Game/Prototype/Levels/Game/Arena/PrototypeScene.PrototypeScene:PersistentLevel' has LevelScriptBlueprint '/Game/Prototype/Levels/Game/Arena/PrototypeScene.PrototypeScene:PersistentLevel.PrototypeScene' with GeneratedClass '/Game/Prototype/Levels/Game/Arena/PrototypeScene.PrototypeScene_C' with ClassGeneratedBy '/Game/Prototype/Levels/Game/Arena/PrototypeScene.PrototypeScene:PersistentLevel.PrototypeScene'
[2018.07.05-16.40.18:093][652]LogPlayLevel: PlayLevel: No blueprints needed recompiling
[2018.07.05-16.40.18:119][652]PIE: New page: PIE session: PrototypeScene (Jul 5, 2018, 8:40:18 PM)
[2018.07.05-16.40.18:119][652]LogUObjectGlobals: Warning: Failed to find object 'Class /Script/Shooter.GameInstanceShooter'
[2018.07.05-16.40.18:119][652]LogPlayLevel: Creating play world package: /Game/Prototype/Levels/Game/Arena/UEDPIE_0_PrototypeScene
[2018.07.05-16.40.18:145][652]LogPlayLevel: PIE: StaticDuplicateObject took: (0.026725s)
[2018.07.05-16.40.18:146][652]LogAIModule: Creating AISystem for world PrototypeScene
[2018.07.05-16.40.18:146][652]LogPlayLevel: PIE: World Init took: (0.000697s)
[2018.07.05-16.40.18:146][652]LogPlayLevel: PIE: Created PIE world by copying editor world from /Game/Prototype/Levels/Game/Arena/PrototypeScene.PrototypeScene to /Game/Prototype/Levels/Game/Arena/UEDPIE_0_PrototypeScene.PrototypeScene (0.027698s)
[2018.07.05-16.40.18:166][652]LogInit: XAudio2 using 'Speakers (Realtek High Definition Audio)' : 2 channels at 48 kHz using 32 bits per sample (channel mask 0x3)
[2018.07.05-16.40.18:181][652]LogInit: FAudioDevice initialized.
[2018.07.05-16.40.18:293][652]LogLinker: Warning: CreateExport: Failed to load Parent for BlueprintGeneratedClass /Game/Prototype/Spells/Blink/BlinkSpell.BlinkSpell_C
[2018.07.05-16.40.18:304][652]LogLinker: Warning: CreateExport: Failed to load Parent for BlueprintGeneratedClass /Game/Prototype/Spells/Blink/BlinkSpell.BlinkSpell_C
[2018.07.05-16.40.18:305][652]LogLinker: Warning: CreateExport: Failed to load Parent for BlueprintGeneratedClass /Game/Prototype/Spells/Blink/BlinkSpell.BlinkSpell_C
[2018.07.05-16.40.18:305][652]LogLinker: Warning: CreateExport: Failed to load Parent for BlueprintGeneratedClass /Game/Prototype/Spells/Blink/BlinkSpell.BlinkSpell_C
[2018.07.05-16.40.18:305][652]LogLinker: Warning: CreateExport: Failed to load Parent for BlueprintGeneratedClass /Game/Prototype/Spells/Blink/BlinkSpell.BlinkSpell_C
[2018.07.05-16.40.18:305][652]LogLinker: Warning: CreateExport: Failed to load Parent for BlueprintGeneratedClass /Game/Prototype/Spells/Blink/BlinkSpell.BlinkSpell_C
[2018.07.05-16.40.18:305][652]LogLinker: Warning: CreateExport: Failed to load Parent for BlueprintGeneratedClass /Game/Prototype/Spells/Blink/BlinkSpell.BlinkSpell_C
[2018.07.05-16.40.18:339][652]LogLinker: Warning: CreateExport: Failed to load Parent for BlueprintGeneratedClass /Game/Prototype/Spells/Blink/BlinkSpell.BlinkSpell_C
[2018.07.05-16.40.18:476][652]LogLinker: Warning: CreateExport: Failed to load Parent for WidgetBlueprintGeneratedClass /Game/Prototype/UI/HealthBarSpaceShip.HealthBarSpaceShip_C
[2018.07.05-16.40.18:476][652]LogLinker: Warning: CreateExport: Failed to load Parent for WidgetBlueprintGeneratedClass /Game/Prototype/UI/HealthBarSpaceShip.HealthBarSpaceShip_C
[2018.07.05-16.40.18:476][652]LogLinker: Warning: CreateExport: Failed to load Parent for WidgetBlueprintGeneratedClass /Game/Prototype/UI/HealthBarSpaceShip.HealthBarSpaceShip_C
[2018.07.05-16.40.18:476][652]LogLinker: Warning: CreateExport: Failed to load Parent for WidgetBlueprintGeneratedClass /Game/Prototype/UI/HealthBarSpaceShip.HealthBarSpaceShip_C
[2018.07.05-16.40.18:477][652]LogLinker: Warning: CreateExport: Failed to load Parent for WidgetBlueprintGeneratedClass /Game/Prototype/UI/HealthBarSpaceShip.HealthBarSpaceShip_C
[2018.07.05-16.40.18:477][652]LogLinker: Warning: CreateExport: Failed to load Parent for WidgetBlueprintGeneratedClass /Game/Prototype/UI/HealthBarSpaceShip.HealthBarSpaceShip_C
[2018.07.05-16.40.18:477][652]LogLinker: Warning: CreateExport: Failed to load Parent for WidgetBlueprintGeneratedClass /Game/Prototype/UI/HealthBarSpaceShip.HealthBarSpaceShip_C
[2018.07.05-16.40.18:804][652]LogLinker: Warning: CreateExport: Failed to load Parent for BlueprintGeneratedClass /Game/Prototype/Weapons/ShootingGun/WeaponProjectileBulletGunModelized.WeaponProjectileBulletGunModelized_C
[2018.07.05-16.40.18:804][652]LogLinker: Warning: CreateExport: Failed to load Parent for BlueprintGeneratedClass /Game/Prototype/Weapons/ShootingGun/WeaponProjectileBulletGunModelized.WeaponProjectileBulletGunModelized_C
[2018.07.05-16.40.18:804][652]LogLinker: Warning: CreateExport: Failed to load Parent for BlueprintGeneratedClass /Game/Prototype/Weapons/ShootingGun/WeaponProjectileBulletGunModelized.WeaponProjectileBulletGunModelized_C
[2018.07.05-16.40.18:804][652]LogLinker: Warning: CreateExport: Failed to load Parent for BlueprintGeneratedClass /Game/Prototype/Weapons/ShootingGun/WeaponProjectileBulletGunModelized.WeaponProjectileBulletGunModelized_C
[2018.07.05-16.40.18:804][652]LogLinker: Warning: CreateExport: Failed to load Parent for BlueprintGeneratedClass /Game/Prototype/Weapons/ShootingGun/WeaponProjectileBulletGunModelized.WeaponProjectileBulletGunModelized_C
[2018.07.05-16.40.18:804][652]LogLinker: Warning: CreateExport: Failed to load Parent for BlueprintGeneratedClass /Game/Prototype/Weapons/ShootingGun/WeaponProjectileBulletGunModelized.WeaponProjectileBulletGunModelized_C
[2018.07.05-16.40.18:804][652]LogLinker: Warning: CreateExport: Failed to load Parent for BlueprintGeneratedClass /Game/Prototype/Weapons/ShootingGun/WeaponProjectileBulletGunModelized.WeaponProjectileBulletGunModelized_C
[2018.07.05-16.40.18:804][652]LogLinker: Warning: CreateExport: Failed to load Parent for BlueprintGeneratedClass /Game/Prototype/Weapons/ShootingGun/WeaponProjectileBulletGunModelized.WeaponProjectileBulletGunModelized_C
[2018.07.05-16.40.18:805][652]LogLinker: Warning: CreateExport: Failed to load Parent for BlueprintGeneratedClass /Game/Prototype/Weapons/ShootingGun/WeaponProjectileBulletGunModelized.WeaponProjectileBulletGunModelized_C
[2018.07.05-16.40.18:805][652]LogLinker: Warning: CreateExport: Failed to load Parent for BlueprintGeneratedClass /Game/Prototype/Weapons/ShootingGun/WeaponProjectileBulletGunModelized.WeaponProjectileBulletGunModelized_C
[2018.07.05-16.40.18:805][652]LogLinker: Warning: CreateExport: Failed to load Parent for BlueprintGeneratedClass /Game/Prototype/Weapons/ShootingGun/WeaponProjectileBulletGunModelized.WeaponProjectileBulletGunModelized_C
[2018.07.05-16.40.18:805][652]LogLinker: Warning: CreateExport: Failed to load Parent for BlueprintGeneratedClass /Game/Prototype/Weapons/ShootingGun/WeaponProjectileBulletGunModelized.WeaponProjectileBulletGunModelized_C
[2018.07.05-16.40.18:805][652]LogLinker: Warning: CreateExport: Failed to load Parent for BlueprintGeneratedClass /Game/Prototype/Weapons/ShootingGun/WeaponProjectileBulletGunModelized.WeaponProjectileBulletGunModelized_C
[2018.07.05-16.40.18:807][652]LogLinker: Warning: CreateExport: Failed to load Parent for BlueprintGeneratedClass /Game/Prototype/Ships/SpaceShip1/PawnShipDPS.PawnShipDPS_C
[2018.07.05-16.40.18:807][652]LogLinker: Warning: CreateExport: Failed to load Parent for BlueprintGeneratedClass /Game/Prototype/Ships/SpaceShip1/PawnShipDPS.PawnShipDPS_C
[2018.07.05-16.40.18:807][652]LogLinker: Warning: CreateExport: Failed to load Parent for BlueprintGeneratedClass /Game/Prototype/Ships/SpaceShip1/PawnShipDPS.PawnShipDPS_C
[2018.07.05-16.40.18:807][652]LogLinker: Warning: CreateExport: Failed to load Parent for BlueprintGeneratedClass /Game/Prototype/Ships/SpaceShip1/PawnShipDPS.PawnShipDPS_C
[2018.07.05-16.40.18:808][652]LogLinker: Warning: CreateExport: Failed to load Parent for BlueprintGeneratedClass /Game/Prototype/Ships/SpaceShip1/PawnShipDPS.PawnShipDPS_C
[2018.07.05-16.40.18:808][652]LogLinker: Warning: CreateExport: Failed to load Parent for BlueprintGeneratedClass /Game/Prototype/Ships/SpaceShip1/PawnShipDPS.PawnShipDPS_C
[2018.07.05-16.40.18:808][652]LogLinker: Warning: CreateExport: Failed to load Parent for BlueprintGeneratedClass /Game/Prototype/Ships/SpaceShip1/PawnShipDPS.PawnShipDPS_C
[2018.07.05-16.40.18:808][652]LogLinker: Warning: CreateExport: Failed to load Parent for BlueprintGeneratedClass /Game/Prototype/Ships/SpaceShip1/PawnShipDPS.PawnShipDPS_C
[2018.07.05-16.40.18:809][652]LogLinker: Warning: CreateExport: Failed to load Parent for BlueprintGeneratedClass /Game/Prototype/Ships/SpaceShip1/PawnShipDPS.PawnShipDPS_C
[2018.07.05-16.40.18:809][652]LogLinker: Warning: CreateExport: Failed to load Parent for BlueprintGeneratedClass /Game/Prototype/Ships/SpaceShip1/PawnShipDPS.PawnShipDPS_C
[2018.07.05-16.40.18:809][652]LogLinker: Warning: CreateExport: Failed to load Parent for BlueprintGeneratedClass /Game/Prototype/Ships/SpaceShip1/PawnShipDPS.PawnShipDPS_C
[2018.07.05-16.40.18:988][652]LogBlueprint: Warning: [PlayerGhostHUD] 'ResurrectionTimer' variable not found. Base class was probably changed.
[2018.07.05-16.40.19:004][652]LogBlueprint: Warning: [Compiler PlayerGhostHUD] Could not find a variable named "ResurrectionTimer" in 'PlayerGhostHUD'.
Make sure 'PlayerGhostHUD' has been compiled for  Get ResurrectionTimer
[2018.07.05-16.40.19:004][652]LogBlueprint: Error: [Compiler PlayerGhostHUD] In use pin  Observed Ghost  no longer exists on this node. Please refresh node or break links to remove pin.
[2018.07.05-16.40.19:005][652]LogBlueprint: Error: [Compiler PlayerGhostHUD] The property associated with  Resurrection Timer  could not be found
[2018.07.05-16.40.19:006][652]LogBlueprint: Warning: [Compiler PlayerGhostHUD] [0457.29] Compile of PlayerGhostHUD failed. 2 Fatal Issue(s) 1 Warning(s) [in 62 ms] (/Game/Prototype/UI/PlayerGhostHUD.PlayerGhostHUD)
[2018.07.05-16.40.19:107][652]LogBlueprint: Warning: [SpellCasterWidget] 'CooldownTimer' variable not found. Base class was probably changed.
[2018.07.05-16.40.19:107][652]LogBlueprint: Warning: [SpellCasterWidget] 'ReloadTimer' variable not found. Base class was probably changed.
[2018.07.05-16.40.19:107][652]LogBlueprint: Warning: [SpellCasterWidget] 'ChargesCountMax' variable not found. Base class was probably changed.
[2018.07.05-16.40.19:107][652]LogBlueprint: Warning: [SpellCasterWidget] 'Spell' variable not found. Base class was probably changed.
[2018.07.05-16.40.19:108][652]LogBlueprint: Warning: [SpellCasterWidget] 'ChargesCount' variable not found. Base class was probably changed.
[2018.07.05-16.40.19:108][652]LogBlueprint: Warning: [SpellCasterWidget] 'SpellImage' variable not found. Base class was probably changed.
[2018.07.05-16.40.19:108][652]LogBlueprint: Warning: [SpellCasterWidget] 'Spell' variable not found. Base class was probably changed.
[2018.07.05-16.40.19:110][652]LogBlueprint: Error: [Compiler SpellCasterWidget] In use pin  Target  no longer exists on this node. Please refresh node or break links to remove pin.
[2018.07.05-16.40.19:110][652]LogBlueprint: Error: [Compiler SpellCasterWidget] In use pin  Return Value  no longer exists on this node. Please refresh node or break links to remove pin.
[2018.07.05-16.40.19:116][652]LogBlueprint: Error: [Compiler SpellCasterWidget] Could not find a function named "HasSpellSetted" in 'SpellCasterWidget'.
Make sure 'SpellCasterWidget' has been compiled for  Has Spell Setted
[2018.07.05-16.40.19:116][652]LogBlueprint: Error: [Compiler SpellCasterWidget] In use pin  Observed Spell Caster  no longer exists on this node. Please refresh node or break links to remove pin.
[2018.07.05-16.40.19:117][652]LogBlueprint: Warning: [Compiler SpellCasterWidget] Could not find a variable named "Spell" in 'SpellCasterWidget'.
Make sure 'SpellCasterWidget' has been compiled for  Get Spell
[2018.07.05-16.40.19:117][652]LogBlueprint: Warning: [Compiler SpellCasterWidget] Could not find a variable named "SpellImage" in 'SpellCasterWidget'.
Make sure 'SpellCasterWidget' has been compiled for  Get SpellImage
[2018.07.05-16.40.19:117][652]LogBlueprint: Error: [Compiler SpellCasterWidget] In use pin  Observed Spell Caster  no longer exists on this node. Please refresh node or break links to remove pin.
[2018.07.05-16.40.19:118][652]LogBlueprint: Error: [Compiler SpellCasterWidget] In use pin  Observed Spell Caster  no longer exists on this node. Please refresh node or break links to remove pin.
[2018.07.05-16.40.19:118][652]LogBlueprint: Error: [Compiler SpellCasterWidget] In use pin  Target  no longer exists on this node. Please refresh node or break links to remove pin.
[2018.07.05-16.40.19:118][652]LogBlueprint: Error: [Compiler SpellCasterWidget] In use pin  Return Value  no longer exists on this node. Please refresh node or break links to remove pin.
[2018.07.05-16.40.19:118][652]LogBlueprint: Error: [Compiler SpellCasterWidget] Could not find a function named "CanCast" in 'SpellCasterWidget'.
Make sure 'SpellCasterWidget' has been compiled for  Can Cast
[2018.07.05-16.40.19:118][652]LogBlueprint: Warning: [Compiler SpellCasterWidget] Could not find a variable named "ReloadTimer" in 'SpellCasterWidget'.
Make sure 'SpellCasterWidget' has been compiled for  Get ReloadTimer
[2018.07.05-16.40.19:118][652]LogBlueprint: Warning: [Compiler SpellCasterWidget] Could not find a variable named "CooldownTimer" in 'SpellCasterWidget'.
Make sure 'SpellCasterWidget' has been compiled for  Get CooldownTimer
[2018.07.05-16.40.19:118][652]LogBlueprint: Error: [Compiler SpellCasterWidget] In use pin  Observed Spell Caster  no longer exists on this node. Please refresh node or break links to remove pin.
[2018.07.05-16.40.19:119][652]LogBlueprint: Warning: [Compiler SpellCasterWidget] Could not find a variable named "Spell" in 'SpellCasterWidget'.
Make sure 'SpellCasterWidget' has been compiled for  Get Spell
[2018.07.05-16.40.19:119][652]LogBlueprint: Warning: [Compiler SpellCasterWidget] Could not find a variable named "ChargesCountMax" in 'SpellCasterWidget'.
Make sure 'SpellCasterWidget' has been compiled for  Get ChargesCountMax
[2018.07.05-16.40.19:119][652]LogBlueprint: Error: [Compiler SpellCasterWidget] In use pin  Observed Spell Caster  no longer exists on this node. Please refresh node or break links to remove pin.
[2018.07.05-16.40.19:119][652]LogBlueprint: Warning: [Compiler SpellCasterWidget] Could not find a variable named "ChargesCount" in 'SpellCasterWidget'.
Make sure 'SpellCasterWidget' has been compiled for  Get ChargesCount
[2018.07.05-16.40.19:119][652]LogBlueprint: Error: [Compiler SpellCasterWidget] In use pin  Observed Spell Caster  no longer exists on this node. Please refresh node or break links to remove pin.
[2018.07.05-16.40.19:120][652]LogBlueprint: Error: [Compiler SpellCasterWidget] The property associated with  Spell  could not be found
[2018.07.05-16.40.19:120][652]LogBlueprint: Error: [Compiler SpellCasterWidget] The property associated with  Spell Image  could not be found
[2018.07.05-16.40.19:121][652]LogBlueprint: Warning: [Compiler SpellCasterWidget] [0457.41] Compile of SpellCasterWidget failed. 14 Fatal Issue(s) 7 Warning(s) [in 14 ms] (/Game/Prototype/UI/SpellCasterWidget.SpellCasterWidget)
[2018.07.05-16.40.19:132][652]LogBlueprint: Warning: [PlayerShipHUD] 'SpellCasterA' variable not found. Base class was probably changed.
[2018.07.05-16.40.19:132][652]LogBlueprint: Warning: [PlayerShipHUD] 'SpellCasterX' variable not found. Base class was probably changed.
[2018.07.05-16.40.19:132][652]LogBlueprint: Warning: [PlayerShipHUD] 'SpellCasterY' variable not found. Base class was probably changed.
[2018.07.05-16.40.19:132][652]LogBlueprint: Warning: [PlayerShipHUD] 'SpellCasterB' variable not found. Base class was probably changed.
[2018.07.05-16.40.19:133][652]LogBlueprint: Warning: [PlayerShipHUD] 'bIsGodMode' variable not found. Base class was probably changed.
[2018.07.05-16.40.19:135][652]LogBlueprint: Warning: [Compiler PlayerShipHUD] Could not find a variable named "bIsGodMode" in 'PlayerShipHUD'.
Make sure 'PlayerShipHUD' has been compiled for  Get bIsGodMode
[2018.07.05-16.40.19:135][652]LogBlueprint: Error: [Compiler PlayerShipHUD] In use pin  Target  no longer exists on this node. Please refresh node or break links to remove pin.
[2018.07.05-16.40.19:135][652]LogBlueprint: Error: [Compiler PlayerShipHUD] In use pin  Return Value  no longer exists on this node. Please refresh node or break links to remove pin.
[2018.07.05-16.40.19:135][652]LogBlueprint: Error: [Compiler PlayerShipHUD] Could not find a function named "GetPercentHealth" in 'PlayerShipHUD'.
Make sure 'PlayerShipHUD' has been compiled for  Get Percent Health
[2018.07.05-16.40.19:135][652]LogBlueprint: Error: [Compiler PlayerShipHUD] In use pin  Observed Ship  no longer exists on this node. Please refresh node or break links to remove pin.
[2018.07.05-16.40.19:137][652]LogBlueprint: Error: [Compiler PlayerShipHUD] Can't connect pins  Spell Caster Y  and  Observed Spell Caster : Object Reference is not compatible with Object Object Reference.
[2018.07.05-16.40.19:137][652]LogBlueprint: Warning: [Compiler PlayerShipHUD] Could not find a variable named "SpellCasterY" in 'PlayerShipHUD'.
Make sure 'PlayerShipHUD' has been compiled for  Get SpellCasterY
[2018.07.05-16.40.19:137][652]LogBlueprint: Error: [Compiler PlayerShipHUD] Can't connect pins  Spell Caster X  and  Observed Spell Caster : Object Reference is not compatible with Object Object Reference.
[2018.07.05-16.40.19:137][652]LogBlueprint: Warning: [Compiler PlayerShipHUD] Could not find a variable named "SpellCasterX" in 'PlayerShipHUD'.
Make sure 'PlayerShipHUD' has been compiled for  Get SpellCasterX
[2018.07.05-16.40.19:137][652]LogBlueprint: Error: [Compiler PlayerShipHUD] Can't connect pins  Spell Caster B  and  Observed Spell Caster : Object Reference is not compatible with Object Object Reference.
[2018.07.05-16.40.19:137][652]LogBlueprint: Warning: [Compiler PlayerShipHUD] Could not find a variable named "SpellCasterB" in 'PlayerShipHUD'.
Make sure 'PlayerShipHUD' has been compiled for  Get SpellCasterB
[2018.07.05-16.40.19:137][652]LogBlueprint: Error: [Compiler PlayerShipHUD] In use pin  Observed Ship  no longer exists on this node. Please refresh node or break links to remove pin.
[2018.07.05-16.40.19:137][652]LogBlueprint: Error: [Compiler PlayerShipHUD] In use pin  Observed Ship  no longer exists on this node. Please refresh node or break links to remove pin.
[2018.07.05-16.40.19:137][652]LogBlueprint: Error: [Compiler PlayerShipHUD] In use pin  Observed Ship  no longer exists on this node. Please refresh node or break links to remove pin.
[2018.07.05-16.40.19:137][652]LogBlueprint: Error: [Compiler PlayerShipHUD] Can't connect pins  Observed Spell Caster  and  Spell Caster Y : Object Object Reference is not compatible with Object Reference.
[2018.07.05-16.40.19:137][652]LogBlueprint: Error: [Compiler PlayerShipHUD] Can't connect pins  Observed Spell Caster  and  Spell Caster X : Object Object Reference is not compatible with Object Reference.
[2018.07.05-16.40.19:137][652]LogBlueprint: Error: [Compiler PlayerShipHUD] Can't connect pins  Observed Spell Caster  and  Spell Caster B : Object Object Reference is not compatible with Object Reference.
[2018.07.05-16.40.19:137][652]LogBlueprint: Error: [Compiler PlayerShipHUD] Can't connect pins  Observed Spell Caster  and  Spell Caster A : Object Object Reference is not compatible with Object Reference.
[2018.07.05-16.40.19:137][652]LogBlueprint: Error: [Compiler PlayerShipHUD] In use pin  Observed Ship  no longer exists on this node. Please refresh node or break links to remove pin.
[2018.07.05-16.40.19:137][652]LogBlueprint: Error: [Compiler PlayerShipHUD] Can't connect pins  Spell Caster A  and  Observed Spell Caster : Object Reference is not compatible with Object Object Reference.
[2018.07.05-16.40.19:137][652]LogBlueprint: Warning: [Compiler PlayerShipHUD] Could not find a variable named "SpellCasterA" in 'PlayerShipHUD'.
Make sure 'PlayerShipHUD' has been compiled for  Get SpellCasterA
[2018.07.05-16.40.19:138][652]LogBlueprint: Error: [Compiler PlayerShipHUD] In use pin  Observed Ship  no longer exists on this node. Please refresh node or break links to remove pin.
[2018.07.05-16.40.19:138][652]LogBlueprint: Error: [Compiler PlayerShipHUD] The property associated with  Spell Caster A  could not be found
[2018.07.05-16.40.19:138][652]LogBlueprint: Error: [Compiler PlayerShipHUD] The property associated with  Spell Caster B  could not be found
[2018.07.05-16.40.19:138][652]LogBlueprint: Error: [Compiler PlayerShipHUD] The property associated with  Spell Caster X  could not be found
[2018.07.05-16.40.19:138][652]LogBlueprint: Error: [Compiler PlayerShipHUD] The property associated with  Spell Caster Y  could not be found
[2018.07.05-16.40.19:138][652]LogBlueprint: Error: [Compiler PlayerShipHUD] The property associated with  Is God Mode  could not be found
[2018.07.05-16.40.19:139][652]LogBlueprint: Warning: [Compiler PlayerShipHUD] [0457.43] Compile of PlayerShipHUD failed. 22 Fatal Issue(s) 5 Warning(s) [in 8 ms] (/Game/Prototype/UI/PlayerShipHUD.PlayerShipHUD)
[2018.07.05-16.40.19:141][652]LogLinker: Warning: CreateExport: Failed to load Parent for BlueprintGeneratedClass /Game/Prototype/UI/PlayerControllerShooterUI.PlayerControllerShooterUI_C
[2018.07.05-16.40.19:141][652]LogLinker: Warning: CreateExport: Failed to load Parent for BlueprintGeneratedClass /Game/Prototype/UI/PlayerControllerShooterUI.PlayerControllerShooterUI_C
[2018.07.05-16.40.19:141][652]LogLinker: Warning: CreateExport: Failed to load Parent for BlueprintGeneratedClass /Game/Prototype/UI/PlayerControllerShooterUI.PlayerControllerShooterUI_C
[2018.07.05-16.40.19:141][652]LogLinker: Warning: CreateExport: Failed to load Parent for BlueprintGeneratedClass /Game/Prototype/UI/PlayerControllerShooterUI.PlayerControllerShooterUI_C
[2018.07.05-16.40.19:141][652]LogLinker: Warning: CreateExport: Failed to load Parent for BlueprintGeneratedClass /Game/Prototype/UI/PlayerControllerShooterUI.PlayerControllerShooterUI_C
[2018.07.05-16.40.19:141][652]LogLinker: Warning: CreateExport: Failed to load Parent for BlueprintGeneratedClass /Game/Prototype/UI/PlayerControllerShooterUI.PlayerControllerShooterUI_C
[2018.07.05-16.40.19:142][652]LogLinker: Warning: CreateExport: Failed to load Parent for BlueprintGeneratedClass /Game/Prototype/UI/PlayerControllerShooterUI.PlayerControllerShooterUI_C
[2018.07.05-16.40.19:142][652]LogLinker: Warning: CreateExport: Failed to load Parent for BlueprintGeneratedClass /Game/Prototype/UI/PlayerControllerShooterUI.PlayerControllerShooterUI_C
[2018.07.05-16.40.19:142][652]LogLinker: Warning: CreateExport: Failed to load Parent for BlueprintGeneratedClass /Game/Prototype/UI/PlayerControllerShooterUI.PlayerControllerShooterUI_C
[2018.07.05-16.40.19:142][652]LogLinker: Warning: CreateExport: Failed to load Parent for BlueprintGeneratedClass /Game/Prototype/UI/PlayerControllerShooterUI.PlayerControllerShooterUI_C
[2018.07.05-16.40.19:142][652]LogLinker: Warning: CreateExport: Failed to load Parent for BlueprintGeneratedClass /Game/Prototype/UI/PlayerControllerShooterUI.PlayerControllerShooterUI_C
[2018.07.05-16.40.19:142][652]LogLinker: Warning: CreateExport: Failed to load Parent for BlueprintGeneratedClass /Game/Prototype/UI/PlayerControllerShooterUI.PlayerControllerShooterUI_C
[2018.07.05-16.40.19:143][652]LogLinker: Warning: CreateExport: Failed to load Parent for BlueprintGeneratedClass /Game/Prototype/UI/PlayerControllerShooterUI.PlayerControllerShooterUI_C
[2018.07.05-16.40.19:143][652]LogLinker: Warning: CreateExport: Failed to load Parent for BlueprintGeneratedClass /Game/Prototype/UI/PlayerControllerShooterUI.PlayerControllerShooterUI_C
[2018.07.05-16.40.19:143][652]LogLinker: Warning: CreateExport: Failed to load Parent for BlueprintGeneratedClass /Game/Prototype/UI/PlayerControllerShooterUI.PlayerControllerShooterUI_C
[2018.07.05-16.40.19:145][652]LogLinker: Warning: CreateExport: Failed to load Parent for BlueprintGeneratedClass /Game/Prototype/Game/GameModeShooterOverride.GameModeShooterOverride_C
[2018.07.05-16.40.19:145][652]LogLinker: Warning: CreateExport: Failed to load Parent for BlueprintGeneratedClass /Game/Prototype/Game/GameModeShooterOverride.GameModeShooterOverride_C
[2018.07.05-16.40.19:145][652]LogLinker: Warning: CreateExport: Failed to load Parent for BlueprintGeneratedClass /Game/Prototype/Game/GameModeShooterOverride.GameModeShooterOverride_C
[2018.07.05-16.40.19:145][652]LogLinker: Warning: CreateExport: Failed to load Parent for BlueprintGeneratedClass /Game/Prototype/Game/GameModeShooterOverride.GameModeShooterOverride_C
[2018.07.05-16.40.19:145][652]LogLinker: Warning: CreateExport: Failed to load Parent for BlueprintGeneratedClass /Game/Prototype/Game/GameModeShooterOverride.GameModeShooterOverride_C
[2018.07.05-16.40.19:145][652]LogLinker: Warning: CreateExport: Failed to load Parent for BlueprintGeneratedClass /Game/Prototype/Game/GameModeShooterOverride.GameModeShooterOverride_C
[2018.07.05-16.40.19:188][652]LogLinker: Warning: CreateExport: Failed to load Parent for BlueprintGeneratedClass /Game/Prototype/UI/PlayerControllerShooterUI.PlayerControllerShooterUI_C
[2018.07.05-16.40.19:189][652]LogLinker: Warning: CreateExport: Failed to load Parent for BlueprintGeneratedClass /Game/Prototype/UI/PlayerControllerShooterUI.PlayerControllerShooterUI_C
[2018.07.05-16.40.19:189][652]LogLinker: Warning: CreateExport: Failed to load Parent for BlueprintGeneratedClass /Game/Prototype/UI/PlayerControllerShooterUI.PlayerControllerShooterUI_C
[2018.07.05-16.40.19:189][652]LogLinker: Warning: CreateExport: Failed to load Parent for BlueprintGeneratedClass /Game/Prototype/UI/PlayerControllerShooterUI.PlayerControllerShooterUI_C
[2018.07.05-16.40.19:189][652]LogLinker: Warning: CreateExport: Failed to load Parent for BlueprintGeneratedClass /Game/Prototype/UI/PlayerControllerShooterUI.PlayerControllerShooterUI_C
[2018.07.05-16.40.19:189][652]LogLinker: Warning: CreateExport: Failed to load Parent for BlueprintGeneratedClass /Game/Prototype/UI/PlayerControllerShooterUI.PlayerControllerShooterUI_C
[2018.07.05-16.40.19:201][652]LogLinker: Warning: CreateExport: Failed to load Parent for BlueprintGeneratedClass /Game/Prototype/Weapons/ShootingGun/WeaponProjectileBulletGunModelized.WeaponProjectileBulletGunModelized_C
[2018.07.05-16.40.19:201][652]LogLinker: Warning: CreateExport: Failed to load Parent for BlueprintGeneratedClass /Game/Prototype/Weapons/ShootingGun/WeaponProjectileBulletGunModelized.WeaponProjectileBulletGunModelized_C
[2018.07.05-16.40.19:202][652]LogLinker: Warning: CreateExport: Failed to load Parent for WidgetBlueprintGeneratedClass /Game/Prototype/UI/HealthBarSpaceShip.HealthBarSpaceShip_C
[2018.07.05-16.40.19:202][652]LogLinker: Warning: CreateExport: Failed to load Parent for WidgetBlueprintGeneratedClass /Game/Prototype/UI/HealthBarSpaceShip.HealthBarSpaceShip_C
[2018.07.05-16.40.19:203][652]LogLinker: Warning: CreateExport: Failed to load Parent for WidgetBlueprintGeneratedClass /Game/Prototype/UI/HealthBarSpaceShip.HealthBarSpaceShip_C
[2018.07.05-16.40.19:205][652]LogLinker: Warning: CreateExport: Failed to load Parent for BlueprintGeneratedClass /Game/Prototype/Spells/Blink/BlinkSpell.BlinkSpell_C
[2018.07.05-16.40.19:206][652]LogLinker: Warning: CreateExport: Failed to load Parent for BlueprintGeneratedClass /Game/Prototype/Spells/Blink/BlinkSpell.BlinkSpell_C
[2018.07.05-16.40.19:206][652]LogLinker: Warning: CreateExport: Failed to load Parent for BlueprintGeneratedClass /Game/Prototype/Spells/Blink/BlinkSpell.BlinkSpell_C
[2018.07.05-16.40.19:206][652]LogLinker: Warning: CreateExport: Failed to load Parent for BlueprintGeneratedClass /Game/Prototype/Ships/SpaceShip1/PawnShipDPS.PawnShipDPS_C
[2018.07.05-16.40.19:206][652]LogLinker: Warning: CreateExport: Failed to load Parent for BlueprintGeneratedClass /Game/Prototype/Ships/SpaceShip1/PawnShipDPS.PawnShipDPS_C
[2018.07.05-16.40.19:206][652]LogLinker: Warning: CreateExport: Failed to load Parent for BlueprintGeneratedClass /Game/Prototype/Game/GameModeShooterOverride.GameModeShooterOverride_C
[2018.07.05-16.40.19:207][652]LogLinker: Warning: CreateExport: Failed to load Parent for BlueprintGeneratedClass /Game/Prototype/Game/GameModeShooterOverride.GameModeShooterOverride_C
[2018.07.05-16.40.19:582][652]LogUObjectGlobals: Warning: Failed to find object 'Class /Game/Prototype/Game/GameModeShooterOverride.GameModeShooterOverride_C'
[2018.07.05-16.40.19:582][652]LogLoad: Game class is 'GameModeBase'
[2018.07.05-16.40.19:604][652]LogWorld: Bringing World /Game/Prototype/Levels/Game/Arena/UEDPIE_0_PrototypeScene.PrototypeScene up for play (max tick rate 0) at 2018.07.05-18.40.19
[2018.07.05-16.40.19:620][652]LogWorld: Bringing up level for play took: 0.024119
[2018.07.05-16.40.19:738][652]LogContentBrowser: Native class hierarchy updated for 'MovieSceneCapture' in 0.0023 seconds. Added 11 classes and 0 folders.
[2018.07.05-16.40.19:790][652]PIE: Play in editor start time for /Game/Prototype/Levels/Game/Arena/UEDPIE_0_PrototypeScene 0.751
[2018.07.05-16.40.19:790][652]LogBlueprintUserMessages: Late PlayInEditor Detection: Level '/Game/Prototype/Levels/Game/Arena/PrototypeScene.PrototypeScene:PersistentLevel' has LevelScriptBlueprint '/Game/Prototype/Levels/Game/Arena/PrototypeScene.PrototypeScene:PersistentLevel.PrototypeScene' with GeneratedClass '/Game/Prototype/Levels/Game/Arena/PrototypeScene.PrototypeScene_C' with ClassGeneratedBy '/Game/Prototype/Levels/Game/Arena/PrototypeScene.PrototypeScene:PersistentLevel.PrototypeScene'
[2018.07.05-16.40.19:915][653]LoadErrors: Warning: CreateExport: Failed to load Outer for resource 'BlinkDistance': BlueprintGeneratedClass /Game/Prototype/Spells/Blink/BlinkSpell.BlinkSpell_C
[2018.07.05-16.40.19:915][653]LoadErrors: Warning: CreateExport: Failed to load Outer for resource 'ExecuteUbergraph_BlinkSpell': BlueprintGeneratedClass /Game/Prototype/Spells/Blink/BlinkSpell.BlinkSpell_C
[2018.07.05-16.40.19:915][653]LoadErrors: Warning: CreateExport: Failed to load Outer for resource 'CallFunc_K2_SetActorLocation_ReturnValue': Function /Game/Prototype/Spells/Blink/BlinkSpell.BlinkSpell_C:ExecuteUbergraph_BlinkSpell
[2018.07.05-16.40.19:915][653]LoadErrors: Warning: CreateExport: Failed to load Outer for resource 'CallFunc_K2_SetActorLocation_SweepHitResult': Function /Game/Prototype/Spells/Blink/BlinkSpell.BlinkSpell_C:ExecuteUbergraph_BlinkSpell
[2018.07.05-16.40.19:916][653]LoadErrors: Warning: CreateExport: Failed to load Outer for resource 'CallFunc_Add_VectorVector_ReturnValue': Function /Game/Prototype/Spells/Blink/BlinkSpell.BlinkSpell_C:ExecuteUbergraph_BlinkSpell
[2018.07.05-16.40.19:916][653]LoadErrors: Warning: CreateExport: Failed to load Outer for resource 'CallFunc_Multiply_VectorFloat_ReturnValue': Function /Game/Prototype/Spells/Blink/BlinkSpell.BlinkSpell_C:ExecuteUbergraph_BlinkSpell
[2018.07.05-16.40.19:916][653]LoadErrors: Warning: CreateExport: Failed to load Outer for resource 'CallFunc_Normal_ReturnValue': Function /Game/Prototype/Spells/Blink/BlinkSpell.BlinkSpell_C:ExecuteUbergraph_BlinkSpell
[2018.07.05-16.40.19:916][653]LoadErrors: Warning: CreateExport: Failed to load Outer for resource 'CallFunc_GetLastInputVector_ReturnValue': Function /Game/Prototype/Spells/Blink/BlinkSpell.BlinkSpell_C:ExecuteUbergraph_BlinkSpell
[2018.07.05-16.40.19:916][653]LoadErrors: Warning: CreateExport: Failed to load Outer for resource 'CallFunc_GetComponentByClass_ReturnValue': Function /Game/Prototype/Spells/Blink/BlinkSpell.BlinkSpell_C:ExecuteUbergraph_BlinkSpell
[2018.07.05-16.40.19:916][653]LoadErrors: Warning: CreateExport: Failed to load Outer for resource 'CallFunc_K2_GetActorLocation_ReturnValue': Function /Game/Prototype/Spells/Blink/BlinkSpell.BlinkSpell_C:ExecuteUbergraph_BlinkSpell
[2018.07.05-16.40.19:916][653]LoadErrors: Warning: CreateExport: Failed to load Outer for resource 'K2Node_Event_castingComponent': Function /Game/Prototype/Spells/Blink/BlinkSpell.BlinkSpell_C:ExecuteUbergraph_BlinkSpell
[2018.07.05-16.40.19:916][653]LoadErrors: Warning: CreateExport: Failed to load Outer for resource 'K2Node_Event_caster': Function /Game/Prototype/Spells/Blink/BlinkSpell.BlinkSpell_C:ExecuteUbergraph_BlinkSpell
[2018.07.05-16.40.19:916][653]LoadErrors: Warning: CreateExport: Failed to load Outer for resource 'EntryPoint': Function /Game/Prototype/Spells/Blink/BlinkSpell.BlinkSpell_C:ExecuteUbergraph_BlinkSpell
[2018.07.05-16.40.19:916][653]LoadErrors: Warning: CreateExport: Failed to load Outer for resource 'Casted': BlueprintGeneratedClass /Game/Prototype/Spells/Blink/BlinkSpell.BlinkSpell_C
[2018.07.05-16.40.19:916][653]LoadErrors: Warning: CreateExport: Failed to load Outer for resource 'castingComponent': Function /Game/Prototype/Spells/Blink/BlinkSpell.BlinkSpell_C:Casted
[2018.07.05-16.40.19:916][653]LoadErrors: Warning: CreateExport: Failed to load Outer for resource 'caster': Function /Game/Prototype/Spells/Blink/BlinkSpell.BlinkSpell_C:Casted
[2018.07.05-16.40.19:916][653]LoadErrors: Warning: CreateExport: Failed to load Outer for resource 'UberGraphFrame': BlueprintGeneratedClass /Game/Prototype/Spells/Blink/BlinkSpell.BlinkSpell_C
[2018.07.05-16.40.19:916][653]LoadErrors: Warning: CreateExport: Failed to load Outer for resource 'ProgressBar_29': WidgetBlueprintGeneratedClass /Game/Prototype/UI/HealthBarSpaceShip.HealthBarSpaceShip_C
[2018.07.05-16.40.19:916][653]LoadErrors: Warning: CreateExport: Failed to load Outer for resource 'ExecuteUbergraph_HealthBarSpaceShip': WidgetBlueprintGeneratedClass /Game/Prototype/UI/HealthBarSpaceShip.HealthBarSpaceShip_C
[2018.07.05-16.40.19:917][653]LoadErrors: Warning: CreateExport: Failed to load Outer for resource 'CallFunc_LinearColorLerp_ReturnValue': Function /Game/Prototype/UI/HealthBarSpaceShip.HealthBarSpaceShip_C:ExecuteUbergraph_HealthBarSpaceShip
[2018.07.05-16.40.19:917][653]LoadErrors: Warning: CreateExport: Failed to load Outer for resource 'CallFunc_Divide_FloatFloat_ReturnValue': Function /Game/Prototype/UI/HealthBarSpaceShip.HealthBarSpaceShip_C:ExecuteUbergraph_HealthBarSpaceShip
[2018.07.05-16.40.19:917][653]LoadErrors: Warning: CreateExport: Failed to load Outer for resource 'CallFunc_Conv_IntToFloat_ReturnValue2': Function /Game/Prototype/UI/HealthBarSpaceShip.HealthBarSpaceShip_C:ExecuteUbergraph_HealthBarSpaceShip
[2018.07.05-16.40.19:917][653]LoadErrors: Warning: CreateExport: Failed to load Outer for resource 'CallFunc_Conv_IntToFloat_ReturnValue': Function /Game/Prototype/UI/HealthBarSpaceShip.HealthBarSpaceShip_C:ExecuteUbergraph_HealthBarSpaceShip
[2018.07.05-16.40.19:917][653]LoadErrors: Warning: CreateExport: Failed to load Outer for resource 'K2Node_Event_max': Function /Game/Prototype/UI/HealthBarSpaceShip.HealthBarSpaceShip_C:ExecuteUbergraph_HealthBarSpaceShip
[2018.07.05-16.40.19:917][653]LoadErrors: Warning: CreateExport: Failed to load Outer for resource 'K2Node_Event_current': Function /Game/Prototype/UI/HealthBarSpaceShip.HealthBarSpaceShip_C:ExecuteUbergraph_HealthBarSpaceShip
[2018.07.05-16.40.19:917][653]LoadErrors: Warning: CreateExport: Failed to load Outer for resource 'EntryPoint': Function /Game/Prototype/UI/HealthBarSpaceShip.HealthBarSpaceShip_C:ExecuteUbergraph_HealthBarSpaceShip
[2018.07.05-16.40.19:917][653]LoadErrors: Warning: CreateExport: Failed to load Outer for resource 'UpdateHealth': WidgetBlueprintGeneratedClass /Game/Prototype/UI/HealthBarSpaceShip.HealthBarSpaceShip_C
[2018.07.05-16.40.19:917][653]LoadErrors: Warning: CreateExport: Failed to load Outer for resource 'max': Function /Game/Prototype/UI/HealthBarSpaceShip.HealthBarSpaceShip_C:UpdateHealth
[2018.07.05-16.40.19:917][653]LoadErrors: Warning: CreateExport: Failed to load Outer for resource 'current': Function /Game/Prototype/UI/HealthBarSpaceShip.HealthBarSpaceShip_C:UpdateHealth
[2018.07.05-16.40.19:917][653]LoadErrors: Warning: CreateExport: Failed to load Outer for resource 'UberGraphFrame': WidgetBlueprintGeneratedClass /Game/Prototype/UI/HealthBarSpaceShip.HealthBarSpaceShip_C
[2018.07.05-16.40.19:918][653]LoadErrors: Warning: CreateExport: Failed to load Outer for resource 'Sphere': BlueprintGeneratedClass /Game/Prototype/Weapons/ShootingGun/WeaponProjectileBulletGunModelized.WeaponProjectileBulletGunModelized_C
[2018.07.05-16.40.19:918][653]LoadErrors: Warning: CreateExport: Failed to load Outer for resource 'Trail': BlueprintGeneratedClass /Game/Prototype/Weapons/ShootingGun/WeaponProjectileBulletGunModelized.WeaponProjectileBulletGunModelized_C
[2018.07.05-16.40.19:918][653]LoadErrors: Warning: CreateExport: Failed to load Outer for resource 'ExecuteUbergraph_WeaponProjectileBulletGunModelized': BlueprintGeneratedClass /Game/Prototype/Weapons/ShootingGun/WeaponProjectileBulletGunModelized.WeaponProjectileBulletGunModelized_C
[2018.07.05-16.40.19:918][653]LoadErrors: Warning: CreateExport: Failed to load Outer for resource 'CallFunc_SpawnEmitterAtLocation_ReturnValue': Function /Game/Prototype/Weapons/ShootingGun/WeaponProjectileBulletGunModelized.WeaponProjectileBulletGunModelized_C:ExecuteUbergraph_WeaponProjectileBulletGunModelized
[2018.07.05-16.40.19:918][653]LoadErrors: Warning: CreateExport: Failed to load Outer for resource 'CallFunc_K2_GetActorLocation_ReturnValue': Function /Game/Prototype/Weapons/ShootingGun/WeaponProjectileBulletGunModelized.WeaponProjectileBulletGunModelized_C:ExecuteUbergraph_WeaponProjectileBulletGunModelized
[2018.07.05-16.40.19:918][653]LoadErrors: Warning: CreateExport: Failed to load Outer for resource 'EntryPoint': Function /Game/Prototype/Weapons/ShootingGun/WeaponProjectileBulletGunModelized.WeaponProjectileBulletGunModelized_C:ExecuteUbergraph_WeaponProjectileBulletGunModelized
[2018.07.05-16.40.19:918][653]LoadErrors: Warning: CreateExport: Failed to load Outer for resource 'ReceiveDestroyed': BlueprintGeneratedClass /Game/Prototype/Weapons/ShootingGun/WeaponProjectileBulletGunModelized.WeaponProjectileBulletGunModelized_C
[2018.07.05-16.40.19:918][653]LoadErrors: Warning: CreateExport: Failed to load Outer for resource 'UserConstructionScript': BlueprintGeneratedClass /Game/Prototype/Weapons/ShootingGun/WeaponProjectileBulletGunModelized.WeaponProjectileBulletGunModelized_C
[2018.07.05-16.40.19:918][653]LoadErrors: Warning: CreateExport: Failed to load Outer for resource 'UberGraphFrame': BlueprintGeneratedClass /Game/Prototype/Weapons/ShootingGun/WeaponProjectileBulletGunModelized.WeaponProjectileBulletGunModelized_C
[2018.07.05-16.40.19:919][653]LoadErrors: Warning: CreateExport: Failed to load Outer for resource 'Trail_GEN_VARIABLE': BlueprintGeneratedClass /Game/Prototype/Weapons/ShootingGun/WeaponProjectileBulletGunModelized.WeaponProjectileBulletGunModelized_C
[2018.07.05-16.40.19:919][653]LoadErrors: Warning: CreateExport: Failed to load Outer for resource 'DefaultSceneRoot_GEN_VARIABLE': BlueprintGeneratedClass /Game/Prototype/Weapons/ShootingGun/WeaponProjectileBulletGunModelized.WeaponProjectileBulletGunModelized_C
[2018.07.05-16.40.19:919][653]LoadErrors: Warning: CreateExport: Failed to load Outer for resource 'SimpleConstructionScript_0': BlueprintGeneratedClass /Game/Prototype/Weapons/ShootingGun/WeaponProjectileBulletGunModelized.WeaponProjectileBulletGunModelized_C
[2018.07.05-16.40.19:919][653]LoadErrors: Warning: CreateExport: Failed to load Outer for resource 'SCS_Node_0': SimpleConstructionScript /Game/Prototype/Weapons/ShootingGun/WeaponProjectileBulletGunModelized.WeaponProjectileBulletGunModelized_C:SimpleConstructionScript_0
[2018.07.05-16.40.19:919][653]LoadErrors: Warning: CreateExport: Failed to load Outer for resource 'SCS_Node_1': SimpleConstructionScript /Game/Prototype/Weapons/ShootingGun/WeaponProjectileBulletGunModelized.WeaponProjectileBulletGunModelized_C:SimpleConstructionScript_0
[2018.07.05-16.40.19:919][653]LoadErrors: Warning: CreateExport: Failed to load Outer for resource 'SCS_Node_2': SimpleConstructionScript /Game/Prototype/Weapons/ShootingGun/WeaponProjectileBulletGunModelized.WeaponProjectileBulletGunModelized_C:SimpleConstructionScript_0
[2018.07.05-16.40.19:919][653]LoadErrors: Warning: CreateExport: Failed to load Outer for resource 'ProjectileBaseCollision': WeaponProjectileBulletGunModelized_C /Game/Prototype/Weapons/ShootingGun/WeaponProjectileBulletGunModelized.Default__WeaponProjectileBulletGunModelized_C
[2018.07.05-16.40.19:920][653]LoadErrors: Warning: CreateExport: Failed to load Outer for resource 'Sphere_GEN_VARIABLE': BlueprintGeneratedClass /Game/Prototype/Weapons/ShootingGun/WeaponProjectileBulletGunModelized.WeaponProjectileBulletGunModelized_C
[2018.07.05-16.40.19:920][653]LoadErrors: Warning: CreateExport: Failed to load Outer for resource 'UserConstructionScript': BlueprintGeneratedClass /Game/Prototype/Ships/SpaceShip1/PawnShipDPS.PawnShipDPS_C
[2018.07.05-16.40.19:920][653]LoadErrors: Warning: CreateExport: Failed to load Outer for resource 'ShipBaseCollision': PawnShipDPS_C /Game/Prototype/Ships/SpaceShip1/PawnShipDPS.Default__PawnShipDPS_C
[2018.07.05-16.40.19:920][653]LoadErrors: Warning: CreateExport: Failed to load Outer for resource 'ShipMovement': PawnShipDPS_C /Game/Prototype/Ships/SpaceShip1/PawnShipDPS.Default__PawnShipDPS_C
[2018.07.05-16.40.19:920][653]LoadErrors: Warning: CreateExport: Failed to load Outer for resource 'RotationPivot': PawnShipDPS_C /Game/Prototype/Ships/SpaceShip1/PawnShipDPS.Default__PawnShipDPS_C
[2018.07.05-16.40.19:920][653]LoadErrors: Warning: CreateExport: Failed to load Outer for resource 'DefaultSceneRoot_GEN_VARIABLE': BlueprintGeneratedClass /Game/Prototype/Ships/SpaceShip1/PawnShipDPS.PawnShipDPS_C
[2018.07.05-16.40.19:920][653]LoadErrors: Warning: CreateExport: Failed to load Outer for resource 'SimpleConstructionScript_0': BlueprintGeneratedClass /Game/Prototype/Ships/SpaceShip1/PawnShipDPS.PawnShipDPS_C
[2018.07.05-16.40.19:921][653]LoadErrors: Warning: CreateExport: Failed to load Outer for resource 'SCS_Node_0': SimpleConstructionScript /Game/Prototype/Ships/SpaceShip1/PawnShipDPS.PawnShipDPS_C:SimpleConstructionScript_0
[2018.07.05-16.40.19:921][653]LoadErrors: Warning: CreateExport: Failed to load Outer for resource 'CameraAttachmentArm': PawnShipDPS_C /Game/Prototype/Ships/SpaceShip1/PawnShipDPS.Default__PawnShipDPS_C
[2018.07.05-16.40.19:921][653]LoadErrors: Warning: CreateExport: Failed to load Outer for resource 'Model': PawnShipDPS_C /Game/Prototype/Ships/SpaceShip1/PawnShipDPS.Default__PawnShipDPS_C
[2018.07.05-16.40.19:921][653]LoadErrors: Warning: CreateExport: Failed to load Outer for resource 'HealthBarWidget': PawnShipDPS_C /Game/Prototype/Ships/SpaceShip1/PawnShipDPS.Default__PawnShipDPS_C
[2018.07.05-16.40.19:921][653]LoadErrors: Warning: CreateExport: Failed to load Outer for resource 'HUD': BlueprintGeneratedClass /Game/Prototype/UI/PlayerControllerShooterUI.PlayerControllerShooterUI_C
[2018.07.05-16.40.19:921][653]LoadErrors: Warning: CreateExport: Failed to load Outer for resource 'ExecuteUbergraph_PlayerControllerShooterUI': BlueprintGeneratedClass /Game/Prototype/UI/PlayerControllerShooterUI.PlayerControllerShooterUI_C
[2018.07.05-16.40.19:921][653]LoadErrors: Warning: CreateExport: Failed to load Outer for resource 'CallFunc_IsValid_ReturnValue': Function /Game/Prototype/UI/PlayerControllerShooterUI.PlayerControllerShooterUI_C:ExecuteUbergraph_PlayerControllerShooterUI
[2018.07.05-16.40.19:921][653]LoadErrors: Warning: CreateExport: Failed to load Outer for resource 'CallFunc_Create_ReturnValue2': Function /Game/Prototype/UI/PlayerControllerShooterUI.PlayerControllerShooterUI_C:ExecuteUbergraph_PlayerControllerShooterUI
[2018.07.05-16.40.19:922][653]LoadErrors: Warning: CreateExport: Failed to load Outer for resource 'K2Node_Event_ghost': Function /Game/Prototype/UI/PlayerControllerShooterUI.PlayerControllerShooterUI_C:ExecuteUbergraph_PlayerControllerShooterUI
[2018.07.05-16.40.19:922][653]LoadErrors: Warning: CreateExport: Failed to load Outer for resource 'CallFunc_Create_ReturnValue': Function /Game/Prototype/UI/PlayerControllerShooterUI.PlayerControllerShooterUI_C:ExecuteUbergraph_PlayerControllerShooterUI
[2018.07.05-16.40.19:922][653]LoadErrors: Warning: CreateExport: Failed to load Outer for resource 'K2Node_Event_ship': Function /Game/Prototype/UI/PlayerControllerShooterUI.PlayerControllerShooterUI_C:ExecuteUbergraph_PlayerControllerShooterUI
[2018.07.05-16.40.19:922][653]LoadErrors: Warning: CreateExport: Failed to load Outer for resource 'EntryPoint': Function /Game/Prototype/UI/PlayerControllerShooterUI.PlayerControllerShooterUI_C:ExecuteUbergraph_PlayerControllerShooterUI
[2018.07.05-16.40.19:922][653]LoadErrors: Warning: CreateExport: Failed to load Outer for resource 'OnPossessGhost': BlueprintGeneratedClass /Game/Prototype/UI/PlayerControllerShooterUI.PlayerControllerShooterUI_C
[2018.07.05-16.40.19:922][653]LoadErrors: Warning: CreateExport: Failed to load Outer for resource 'ghost': Function /Game/Prototype/UI/PlayerControllerShooterUI.PlayerControllerShooterUI_C:OnPossessGhost
[2018.07.05-16.40.19:922][653]LoadErrors: Warning: CreateExport: Failed to load Outer for resource 'OnUnPossess': BlueprintGeneratedClass /Game/Prototype/UI/PlayerControllerShooterUI.PlayerControllerShooterUI_C
[2018.07.05-16.40.19:922][653]LoadErrors: Warning: CreateExport: Failed to load Outer for resource 'OnPossessShip': BlueprintGeneratedClass /Game/Prototype/UI/PlayerControllerShooterUI.PlayerControllerShooterUI_C
[2018.07.05-16.40.19:923][653]LoadErrors: Warning: CreateExport: Failed to load Outer for resource 'ship': Function /Game/Prototype/UI/PlayerControllerShooterUI.PlayerControllerShooterUI_C:OnPossessShip
[2018.07.05-16.40.19:923][653]LoadErrors: Warning: CreateExport: Failed to load Outer for resource 'UserConstructionScript': BlueprintGeneratedClass /Game/Prototype/UI/PlayerControllerShooterUI.PlayerControllerShooterUI_C
[2018.07.05-16.40.19:923][653]LoadErrors: Warning: CreateExport: Failed to load Outer for resource 'UberGraphFrame': BlueprintGeneratedClass /Game/Prototype/UI/PlayerControllerShooterUI.PlayerControllerShooterUI_C
[2018.07.05-16.40.19:923][653]LoadErrors: Warning: CreateExport: Failed to load Outer for resource 'TransformComponent0': PlayerControllerShooterUI_C /Game/Prototype/UI/PlayerControllerShooterUI.Default__PlayerControllerShooterUI_C
[2018.07.05-16.40.19:923][653]LoadErrors: Warning: CreateExport: Failed to load Outer for resource 'DefaultSceneRoot_GEN_VARIABLE': BlueprintGeneratedClass /Game/Prototype/UI/PlayerControllerShooterUI.PlayerControllerShooterUI_C
[2018.07.05-16.40.19:923][653]LoadErrors: Warning: CreateExport: Failed to load Outer for resource 'SimpleConstructionScript_0': BlueprintGeneratedClass /Game/Prototype/UI/PlayerControllerShooterUI.PlayerControllerShooterUI_C
[2018.07.05-16.40.19:923][653]LoadErrors: Warning: CreateExport: Failed to load Outer for resource 'SCS_Node_0': SimpleConstructionScript /Game/Prototype/UI/PlayerControllerShooterUI.PlayerControllerShooterUI_C:SimpleConstructionScript_0
[2018.07.05-16.40.19:924][653]LoadErrors: Warning: CreateExport: Failed to load Outer for resource 'DefaultSceneRoot': BlueprintGeneratedClass /Game/Prototype/Game/GameModeShooterOverride.GameModeShooterOverride_C
[2018.07.05-16.40.19:924][653]LoadErrors: Warning: CreateExport: Failed to load Outer for resource 'UserConstructionScript': BlueprintGeneratedClass /Game/Prototype/Game/GameModeShooterOverride.GameModeShooterOverride_C
[2018.07.05-16.40.19:924][653]LoadErrors: Warning: CreateExport: Failed to load Outer for resource 'DefaultSceneRoot_GEN_VARIABLE': BlueprintGeneratedClass /Game/Prototype/Game/GameModeShooterOverride.GameModeShooterOverride_C
[2018.07.05-16.40.19:924][653]LoadErrors: Warning: CreateExport: Failed to load Outer for resource 'SimpleConstructionScript_0': BlueprintGeneratedClass /Game/Prototype/Game/GameModeShooterOverride.GameModeShooterOverride_C
[2018.07.05-16.40.19:924][653]LoadErrors: Warning: CreateExport: Failed to load Outer for resource 'SCS_Node_0': SimpleConstructionScript /Game/Prototype/Game/GameModeShooterOverride.GameModeShooterOverride_C:SimpleConstructionScript_0
[2018.07.05-16.40.25:014][254]LogBlueprintUserMessages: Early EndPlayMap Detection: Level '/Game/Prototype/Levels/Game/Arena/PrototypeScene.PrototypeScene:PersistentLevel' has LevelScriptBlueprint '/Game/Prototype/Levels/Game/Arena/PrototypeScene.PrototypeScene:PersistentLevel.PrototypeScene' with GeneratedClass '/Game/Prototype/Levels/Game/Arena/PrototypeScene.PrototypeScene_C' with ClassGeneratedBy '/Game/Prototype/Levels/Game/Arena/PrototypeScene.PrototypeScene:PersistentLevel.PrototypeScene'
[2018.07.05-16.40.25:047][254]LogBlueprintUserMessages: Late EndPlayMap Detection: Level '/Game/Prototype/Levels/Game/Arena/PrototypeScene.PrototypeScene:PersistentLevel' has LevelScriptBlueprint '/Game/Prototype/Levels/Game/Arena/PrototypeScene.PrototypeScene:PersistentLevel.PrototypeScene' with GeneratedClass '/Game/Prototype/Levels/Game/Arena/PrototypeScene.PrototypeScene_C' with ClassGeneratedBy '/Game/Prototype/Levels/Game/Arena/PrototypeScene.PrototypeScene:PersistentLevel.PrototypeScene'
[2018.07.05-16.40.36:667][380]LogSlate: Took 0.000136 seconds to synchronously load lazily loaded font '../../../Engine/Content/Slate/Fonts/Roboto-Regular.ttf' (155K)
[2018.07.05-16.40.41:864][380]LogStaticMesh: Building static mesh Floor_400x400...
[2018.07.05-16.40.41:896][380]LogStaticMesh: Built static mesh [0.04s] /Game/StarterContent/Architecture/Floor_400x400.Floor_400x400
[2018.07.05-16.40.42:531][380]LogAIModule: Creating AISystem for world StarterMap
[2018.07.05-16.40.42:804][380]Cmd: MAP LOAD FILE="../../../../../../Users/user/Documents/Unreal Projects/Shooter/Shooter/Content/StarterContent/Maps/StarterMap.umap" TEMPLATE=0 SHOWPROGRESS=1 FEATURELEVEL=3
[2018.07.05-16.40.42:804][380]LightingResults: New page: Lighting Build
[2018.07.05-16.40.42:805][380]LoadErrors: New page: Loading map: StarterMap.umap
[2018.07.05-16.40.42:818][380]MapCheck: New page: Map Check
[2018.07.05-16.40.42:818][380]LightingResults: New page: Lighting Build
[2018.07.05-16.40.42:953][380]LogEditorServer: Finished looking for orphan Actors (0.000 secs)
[2018.07.05-16.40.43:029][380]Cmd: MAP CHECKDEP NOCLEARLOG
[2018.07.05-16.40.43:104][380]MapCheck: Map check complete: 0 Error(s), 0 Warning(s), took 76.362ms to complete.
[2018.07.05-16.40.43:104][380]LogFileHelpers: Loading map 'StarterMap' took 0.302
[2018.07.05-16.40.49:547][942]LogAIModule: Creating AISystem for world Minimal_Default
[2018.07.05-16.40.49:563][942]Cmd: MAP LOAD FILE="../../../../../../Users/user/Documents/Unreal Projects/Shooter/Shooter/Content/StarterContent/Maps/Minimal_Default.umap" TEMPLATE=0 SHOWPROGRESS=1 FEATURELEVEL=3
[2018.07.05-16.40.49:563][942]LightingResults: New page: Lighting Build
[2018.07.05-16.40.49:564][942]LoadErrors: New page: Loading map: Minimal_Default.umap
[2018.07.05-16.40.49:566][942]MapCheck: New page: Map Check
[2018.07.05-16.40.49:566][942]LightingResults: New page: Lighting Build
[2018.07.05-16.40.49:685][942]LogEditorServer: Finished looking for orphan Actors (0.000 secs)
[2018.07.05-16.40.49:735][942]Cmd: MAP CHECKDEP NOCLEARLOG
[2018.07.05-16.40.49:809][942]MapCheck: Map check complete: 0 Error(s), 0 Warning(s), took 74.408ms to complete.
[2018.07.05-16.40.49:820][942]LogFileHelpers: Loading map 'Minimal_Default' took 0.257
[2018.07.05-16.41.00:258][964]LogAIModule: Creating AISystem for world Advanced_Lighting
[2018.07.05-16.41.00:322][964]Cmd: MAP LOAD FILE="../../../../../../Users/user/Documents/Unreal Projects/Shooter/Shooter/Content/StarterContent/Maps/Advanced_Lighting.umap" TEMPLATE=0 SHOWPROGRESS=1 FEATURELEVEL=3
[2018.07.05-16.41.00:322][964]LightingResults: New page: Lighting Build
[2018.07.05-16.41.00:323][964]LoadErrors: New page: Loading map: Advanced_Lighting.umap
[2018.07.05-16.41.00:323][964]MapCheck: New page: Map Check
[2018.07.05-16.41.00:324][964]LightingResults: New page: Lighting Build
[2018.07.05-16.41.00:389][964]LogEditorServer: Finished looking for orphan Actors (0.000 secs)
[2018.07.05-16.41.00:437][964]Cmd: MAP CHECKDEP NOCLEARLOG
[2018.07.05-16.41.00:516][964]MapCheck: Map check complete: 0 Error(s), 0 Warning(s), took 78.526ms to complete.
[2018.07.05-16.41.00:517][964]LogFileHelpers: Loading map 'Advanced_Lighting' took 0.196
[2018.07.05-16.41.04:661][397]LogSavePackage: Save=79.51ms
[2018.07.05-16.41.04:661][397]LogSavePackage: Moving '../../../../../../Users/user/Documents/Unreal Projects/Shooter/Shooter/Saved/Advanced_Lighting825255384DF9B046158024B0739F508E.tmp' to '../../../../../../Users/user/Documents/Unreal Projects/Shooter/Shooter/Content/StarterContent/Maps/Advanced_Lighting.umap'
[2018.07.05-16.41.04:679][397]LogSavePackage: Display: Finished SavePackage ../../../../../../Users/user/Documents/Unreal Projects/Shooter/Shooter/Content/StarterContent/Maps/Advanced_Lighting.umap
[2018.07.05-16.41.04:891][397]LogSavePackage: Save=40.47ms
[2018.07.05-16.41.04:891][397]LogSavePackage: Moving '../../../../../../Users/user/Documents/Unreal Projects/Shooter/Shooter/Saved/Advanced_Lighting_BuiltDataC576FB564E57B50B4BB720B6281E5509.tmp' to '../../../../../../Users/user/Documents/Unreal Projects/Shooter/Shooter/Content/StarterContent/Maps/Advanced_Lighting_BuiltData.uasset'
[2018.07.05-16.41.04:905][397]LogSavePackage: Display: Finished SavePackage ../../../../../../Users/user/Documents/Unreal Projects/Shooter/Shooter/Content/StarterContent/Maps/Advanced_Lighting_BuiltData.uasset
[2018.07.05-16.56.02:874][599]LogTemp: Repeating last play command: Selected Viewport
[2018.07.05-16.56.02:908][599]LogPlayLevel: PlayLevel: No blueprints needed recompiling
